[ 2012-12-28T14:08:25+08:00 ] ERR: (ThinkException) 模板不存在[./ThinkPHP//Tpl/default/hello.html]
[ 2012-12-28T14:08:42+08:00 ] ERR: (ThinkException) 模板不存在[__URL__/Tpl/default/hello.html]
[ 2012-12-28T14:08:57+08:00 ] ERR: (ThinkException) 模板不存在[/Tpl/default/hello.html]
[ 2012-12-28T14:09:41+08:00 ] ERR: (ThinkException) 模板不存在[Test/Tpl/default/hello.html]
[ 2012-12-28T14:09:42+08:00 ] ERR: (ThinkException) 模板不存在[Test/Tpl/default/hello.html]
[ 2012-12-28T14:09:52+08:00 ] ERR: (ThinkException) 模板不存在[default/hello.html]
[ 2012-12-28T14:09:56+08:00 ] ERR: (ThinkException) 模板不存在[/default/hello.html]
[ 2012-12-28T14:10:22+08:00 ] ERR: (ThinkException) 模板不存在[./Test//default/hello.html]
[ 2012-12-28T14:10:28+08:00 ] ERR: (ThinkException) 模板不存在[./Test/default/hello.html]
[ 2012-12-28T14:10:40+08:00 ] ERR: (ThinkException) 模板不存在[./Test/Tpl/default/hello.html]
[ 2012-12-28T14:14:22+08:00 ] ERR: (ThinkException) 模板不存在[./Test/default/index.html]
[ 2012-12-28T14:20:54+08:00 ] ERR: (ThinkException) 模板不存在[./Test/default/index.html]
[ 2012-12-28T14:20:57+08:00 ] ERR: (ThinkException) 模板不存在[./Test/default/index.html]
[ 2012-12-28T14:21:00+08:00 ] ERR: (ThinkException) 模板不存在[./Test/default/index.html]
[ 2012-12-28T14:29:26+08:00 ] /Thinkphp_project/test.php | ERR: (ThinkException) 模板不存在[./Test/default/index.html]
[ 2012-12-28T14:31:20+08:00 ] /Thinkphp_project/test.php/Index/index | ERR: (ThinkException) 模板不存在[./Test/default/index.html]
[ 2012-12-28T14:32:08+08:00 ] /Thinkphp_project/test.php/Index/index | ERR: (ThinkException) 模板不存在[./Test/Tpl/Index/index.html]
[ 2012-12-28T14:32:12+08:00 ] /Thinkphp_project/test.php/Index/index | ERR: (ThinkException) 模板不存在[./Test/Tpl/Index/index.html]
[ 2012-12-28T14:32:34+08:00 ] /Thinkphp_project/test.php/Index/index | ERR: (ThinkException) 模板不存在[./Test/Tpl/Index/index.html]
[ 2012-12-28T14:32:36+08:00 ] /Thinkphp_project/test.php/Index/index | ERR: (ThinkException) 模板不存在[./Test/Tpl/Index/index.html]
[ 2012-12-28T14:32:37+08:00 ] /Thinkphp_project/test.php/Index/index | ERR: (ThinkException) 模板不存在[./Test/Tpl/Index/index.html]
[ 2012-12-28T14:32:37+08:00 ] /Thinkphp_project/test.php/Index/index | ERR: (ThinkException) 模板不存在[./Test/Tpl/Index/index.html]
[ 2012-12-28T14:32:37+08:00 ] /Thinkphp_project/test.php/Index/index | ERR: (ThinkException) 模板不存在[./Test/Tpl/Index/index.html]
[ 2012-12-28T14:32:38+08:00 ] /Thinkphp_project/test.php/Index/index | ERR: (ThinkException) 模板不存在[./Test/Tpl/Index/index.html]
[ 2012-12-28T14:33:19+08:00 ] /Thinkphp_project/test.php | ERR: (ThinkException) 模板不存在[./Test/Tpl/Index/index.html]
[ 2012-12-28T14:33:29+08:00 ] /Thinkphp_project/test.php | ERR: (ThinkException) 模板不存在[./Test/Tpl/Index/index.html]
[ 2012-12-28T14:33:31+08:00 ] /Thinkphp_project/test.php | ERR: (ThinkException) 模板不存在[./Test/Tpl/Index/index.html]
[ 2012-12-28T14:34:47+08:00 ] /Thinkphp_project/ | ERR: (ThinkException) 模板不存在[./Test/Tpl/Index/index.html]
[ 2012-12-28T14:34:53+08:00 ] /Thinkphp_project/index.php | ERR: (ThinkException) 模板不存在[./Test/Tpl/Index/index.html]
[ 2012-12-28T14:37:18+08:00 ] /Thinkphp_project/index.php | INFO: Tag[ app_begin ] --START--
[ 2012-12-28T14:37:18+08:00 ] /Thinkphp_project/index.php | INFO: Run ReadHtmlCache Behavior [ RunTime:0.000950s ]
[ 2012-12-28T14:37:18+08:00 ] /Thinkphp_project/index.php | INFO: Tag[ app_begin ] --END-- [ RunTime:0.001060s ]
[ 2012-12-28T14:37:18+08:00 ] /Thinkphp_project/index.php | INFO: Tag[ view_template ] --START--
[ 2012-12-28T14:37:18+08:00 ] /Thinkphp_project/index.php | INFO: Run LocationTemplate Behavior [ RunTime:0.000906s ]
[ 2012-12-28T14:37:18+08:00 ] /Thinkphp_project/index.php | INFO: Tag[ view_template ] --END-- [ RunTime:0.000989s ]
[ 2012-12-28T14:37:18+08:00 ] /Thinkphp_project/index.php | INFO: Tag[ view_parse ] --START--
[ 2012-12-28T14:37:18+08:00 ] /Thinkphp_project/index.php | INFO: Run ParseTemplate Behavior [ RunTime:0.007672s ]
[ 2012-12-28T14:37:18+08:00 ] /Thinkphp_project/index.php | INFO: Tag[ view_parse ] --END-- [ RunTime:0.007761s ]
[ 2012-12-28T14:37:18+08:00 ] /Thinkphp_project/index.php | INFO: Tag[ view_filter ] --START--
[ 2012-12-28T14:37:18+08:00 ] /Thinkphp_project/index.php | INFO: Run ContentReplace Behavior [ RunTime:0.000620s ]
[ 2012-12-28T14:37:18+08:00 ] /Thinkphp_project/index.php | INFO: Run TokenBuild Behavior [ RunTime:0.000613s ]
[ 2012-12-28T14:37:18+08:00 ] /Thinkphp_project/index.php | INFO: Run WriteHtmlCache Behavior [ RunTime:0.000508s ]
[ 2012-12-28T14:37:18+08:00 ] /Thinkphp_project/index.php | INFO: Run ShowRuntime Behavior [ RunTime:0.000801s ]
[ 2012-12-28T14:37:18+08:00 ] /Thinkphp_project/index.php | INFO: Tag[ view_filter ] --END-- [ RunTime:0.002775s ]
[ 2012-12-28T14:37:18+08:00 ] /Thinkphp_project/index.php | INFO: Tag[ view_end ] --START--
[ 2012-12-28T14:37:18+08:00 ] /Thinkphp_project/index.php | INFO: Run ShowPageTrace Behavior [ RunTime:0.000763s ]
[ 2012-12-28T14:37:18+08:00 ] /Thinkphp_project/index.php | INFO: Tag[ view_end ] --END-- [ RunTime:0.000841s ]
[ 2012-12-28T14:37:18+08:00 ] /Thinkphp_project/index.php | NOTIC: [8] Constant PHP_FILE already defined Dispatcher.class.php 第 53 行.
[ 2012-12-28T14:37:18+08:00 ] /Thinkphp_project/index.php | NOTIC: [8] Constant MODULE_NAME already defined Dispatcher.class.php 第 135 行.
[ 2012-12-28T14:37:18+08:00 ] /Thinkphp_project/index.php | NOTIC: [8] Constant P_ACTION_NAME already defined Dispatcher.class.php 第 206 行.
[ 2012-12-28T14:37:18+08:00 ] /Thinkphp_project/index.php | NOTIC: [8] Constant ACTION_NAME already defined Dispatcher.class.php 第 136 行.
[ 2012-12-28T14:37:18+08:00 ] /Thinkphp_project/index.php | NOTIC: [8] Constant __SELF__ already defined Dispatcher.class.php 第 138 行.
[ 2012-12-28T14:37:18+08:00 ] /Thinkphp_project/index.php | NOTIC: [8] Constant __APP__ already defined Dispatcher.class.php 第 140 行.
[ 2012-12-28T14:37:18+08:00 ] /Thinkphp_project/index.php | NOTIC: [8] Constant __URL__ already defined Dispatcher.class.php 第 147 行.
[ 2012-12-28T14:37:18+08:00 ] /Thinkphp_project/index.php | NOTIC: [8] Constant __ACTION__ already defined Dispatcher.class.php 第 150 行.
[ 2012-12-28T14:37:18+08:00 ] /Thinkphp_project/index.php | NOTIC: [8] Constant THEME_NAME already defined App.class.php 第 69 行.
[ 2012-12-28T14:37:18+08:00 ] /Thinkphp_project/index.php | NOTIC: [8] Constant THEME_PATH already defined App.class.php 第 71 行.
[ 2012-12-28T14:37:18+08:00 ] /Thinkphp_project/index.php | NOTIC: [8] Constant APP_TMPL_PATH already defined App.class.php 第 72 行.
[ 2012-12-28T14:37:18+08:00 ] /Thinkphp_project/index.php | INFO: Tag[ app_begin ] --START--
[ 2012-12-28T14:37:18+08:00 ] /Thinkphp_project/index.php | INFO: Run ReadHtmlCache Behavior [ RunTime:0.000093s ]
[ 2012-12-28T14:37:18+08:00 ] /Thinkphp_project/index.php | INFO: Tag[ app_begin ] --END-- [ RunTime:-0.015066s ]
[ 2012-12-28T14:37:18+08:00 ] /Thinkphp_project/index.php | NOTIC: [8] A session had already been started - ignoring session_start() functions.php 第 411 行.
[ 2012-12-28T14:37:18+08:00 ] /Thinkphp_project/index.php | INFO: Tag[ view_template ] --START--
[ 2012-12-28T14:37:18+08:00 ] /Thinkphp_project/index.php | INFO: Run LocationTemplate Behavior [ RunTime:0.000354s ]
[ 2012-12-28T14:37:18+08:00 ] /Thinkphp_project/index.php | INFO: Tag[ view_template ] --END-- [ RunTime:-0.013839s ]
[ 2012-12-28T14:37:18+08:00 ] /Thinkphp_project/index.php | INFO: Tag[ view_parse ] --START--
[ 2012-12-28T14:37:18+08:00 ] /Thinkphp_project/index.php | INFO: Run ParseTemplate Behavior [ RunTime:0.002062s ]
[ 2012-12-28T14:37:18+08:00 ] /Thinkphp_project/index.php | INFO: Tag[ view_parse ] --END-- [ RunTime:-0.006515s ]
[ 2012-12-28T14:37:18+08:00 ] /Thinkphp_project/index.php | INFO: Tag[ view_filter ] --START--
[ 2012-12-28T14:37:18+08:00 ] /Thinkphp_project/index.php | INFO: Run ContentReplace Behavior [ RunTime:0.000089s ]
[ 2012-12-28T14:37:18+08:00 ] /Thinkphp_project/index.php | INFO: Run TokenBuild Behavior [ RunTime:0.000107s ]
[ 2012-12-28T14:37:18+08:00 ] /Thinkphp_project/index.php | INFO: Run WriteHtmlCache Behavior [ RunTime:0.000019s ]
[ 2012-12-28T14:37:18+08:00 ] /Thinkphp_project/index.php | INFO: Run ShowRuntime Behavior [ RunTime:0.000157s ]
[ 2012-12-28T14:37:18+08:00 ] /Thinkphp_project/index.php | INFO: Tag[ view_filter ] --END-- [ RunTime:-0.005879s ]
[ 2012-12-28T14:37:18+08:00 ] /Thinkphp_project/index.php | INFO: Tag[ view_end ] --START--
[ 2012-12-28T14:37:18+08:00 ] /Thinkphp_project/index.php | INFO: Run ShowPageTrace Behavior [ RunTime:0.000054s ]
[ 2012-12-28T14:37:18+08:00 ] /Thinkphp_project/index.php | INFO: Tag[ view_end ] --END-- [ RunTime:-0.005568s ]
[ 2012-12-28T14:37:22+08:00 ] /Thinkphp_project/index.php | INFO: Tag[ app_begin ] --START--
[ 2012-12-28T14:37:22+08:00 ] /Thinkphp_project/index.php | INFO: Run ReadHtmlCache Behavior [ RunTime:0.001234s ]
[ 2012-12-28T14:37:22+08:00 ] /Thinkphp_project/index.php | INFO: Tag[ app_begin ] --END-- [ RunTime:0.001390s ]
[ 2012-12-28T14:37:22+08:00 ] /Thinkphp_project/index.php | INFO: Tag[ view_template ] --START--
[ 2012-12-28T14:37:22+08:00 ] /Thinkphp_project/index.php | INFO: Run LocationTemplate Behavior [ RunTime:0.001363s ]
[ 2012-12-28T14:37:22+08:00 ] /Thinkphp_project/index.php | INFO: Tag[ view_template ] --END-- [ RunTime:0.001487s ]
[ 2012-12-28T14:37:22+08:00 ] /Thinkphp_project/index.php | INFO: Tag[ view_parse ] --START--
[ 2012-12-28T14:37:22+08:00 ] /Thinkphp_project/index.php | INFO: Run ParseTemplate Behavior [ RunTime:0.012321s ]
[ 2012-12-28T14:37:22+08:00 ] /Thinkphp_project/index.php | INFO: Tag[ view_parse ] --END-- [ RunTime:0.012453s ]
[ 2012-12-28T14:37:22+08:00 ] /Thinkphp_project/index.php | INFO: Tag[ view_filter ] --START--
[ 2012-12-28T14:37:22+08:00 ] /Thinkphp_project/index.php | INFO: Run ContentReplace Behavior [ RunTime:0.000976s ]
[ 2012-12-28T14:37:22+08:00 ] /Thinkphp_project/index.php | INFO: Run TokenBuild Behavior [ RunTime:0.000999s ]
[ 2012-12-28T14:37:22+08:00 ] /Thinkphp_project/index.php | INFO: Run WriteHtmlCache Behavior [ RunTime:0.000813s ]
[ 2012-12-28T14:37:22+08:00 ] /Thinkphp_project/index.php | INFO: Run ShowRuntime Behavior [ RunTime:0.001155s ]
[ 2012-12-28T14:37:22+08:00 ] /Thinkphp_project/index.php | INFO: Tag[ view_filter ] --END-- [ RunTime:0.004333s ]
[ 2012-12-28T14:37:22+08:00 ] /Thinkphp_project/index.php | INFO: Tag[ view_end ] --START--
[ 2012-12-28T14:37:22+08:00 ] /Thinkphp_project/index.php | INFO: Run ShowPageTrace Behavior [ RunTime:0.001042s ]
[ 2012-12-28T14:37:22+08:00 ] /Thinkphp_project/index.php | INFO: Tag[ view_end ] --END-- [ RunTime:0.001160s ]
[ 2012-12-28T14:37:22+08:00 ] /Thinkphp_project/index.php | NOTIC: [8] Constant PHP_FILE already defined Dispatcher.class.php 第 53 行.
[ 2012-12-28T14:37:22+08:00 ] /Thinkphp_project/index.php | NOTIC: [8] Constant MODULE_NAME already defined Dispatcher.class.php 第 135 行.
[ 2012-12-28T14:37:22+08:00 ] /Thinkphp_project/index.php | NOTIC: [8] Constant P_ACTION_NAME already defined Dispatcher.class.php 第 206 行.
[ 2012-12-28T14:37:22+08:00 ] /Thinkphp_project/index.php | NOTIC: [8] Constant ACTION_NAME already defined Dispatcher.class.php 第 136 行.
[ 2012-12-28T14:37:22+08:00 ] /Thinkphp_project/index.php | NOTIC: [8] Constant __SELF__ already defined Dispatcher.class.php 第 138 行.
[ 2012-12-28T14:37:22+08:00 ] /Thinkphp_project/index.php | NOTIC: [8] Constant __APP__ already defined Dispatcher.class.php 第 140 行.
[ 2012-12-28T14:37:22+08:00 ] /Thinkphp_project/index.php | NOTIC: [8] Constant __URL__ already defined Dispatcher.class.php 第 147 行.
[ 2012-12-28T14:37:22+08:00 ] /Thinkphp_project/index.php | NOTIC: [8] Constant __ACTION__ already defined Dispatcher.class.php 第 150 行.
[ 2012-12-28T14:37:22+08:00 ] /Thinkphp_project/index.php | NOTIC: [8] Constant THEME_NAME already defined App.class.php 第 69 行.
[ 2012-12-28T14:37:22+08:00 ] /Thinkphp_project/index.php | NOTIC: [8] Constant THEME_PATH already defined App.class.php 第 71 行.
[ 2012-12-28T14:37:22+08:00 ] /Thinkphp_project/index.php | NOTIC: [8] Constant APP_TMPL_PATH already defined App.class.php 第 72 行.
[ 2012-12-28T14:37:22+08:00 ] /Thinkphp_project/index.php | INFO: Tag[ app_begin ] --START--
[ 2012-12-28T14:37:22+08:00 ] /Thinkphp_project/index.php | INFO: Run ReadHtmlCache Behavior [ RunTime:0.000153s ]
[ 2012-12-28T14:37:22+08:00 ] /Thinkphp_project/index.php | INFO: Tag[ app_begin ] --END-- [ RunTime:-0.023330s ]
[ 2012-12-28T14:37:22+08:00 ] /Thinkphp_project/index.php | NOTIC: [8] A session had already been started - ignoring session_start() functions.php 第 411 行.
[ 2012-12-28T14:37:22+08:00 ] /Thinkphp_project/index.php | INFO: Tag[ view_template ] --START--
[ 2012-12-28T14:37:22+08:00 ] /Thinkphp_project/index.php | INFO: Run LocationTemplate Behavior [ RunTime:0.000509s ]
[ 2012-12-28T14:37:22+08:00 ] /Thinkphp_project/index.php | INFO: Tag[ view_template ] --END-- [ RunTime:-0.022076s ]
[ 2012-12-28T14:37:22+08:00 ] /Thinkphp_project/index.php | INFO: Tag[ view_parse ] --START--
[ 2012-12-28T14:37:22+08:00 ] /Thinkphp_project/index.php | INFO: Run ParseTemplate Behavior [ RunTime:0.002617s ]
[ 2012-12-28T14:37:22+08:00 ] /Thinkphp_project/index.php | INFO: Tag[ view_parse ] --END-- [ RunTime:-0.010200s ]
[ 2012-12-28T14:37:22+08:00 ] /Thinkphp_project/index.php | INFO: Tag[ view_filter ] --START--
[ 2012-12-28T14:37:22+08:00 ] /Thinkphp_project/index.php | INFO: Run ContentReplace Behavior [ RunTime:0.000093s ]
[ 2012-12-28T14:37:22+08:00 ] /Thinkphp_project/index.php | INFO: Run TokenBuild Behavior [ RunTime:0.000107s ]
[ 2012-12-28T14:37:22+08:00 ] /Thinkphp_project/index.php | INFO: Run WriteHtmlCache Behavior [ RunTime:0.000019s ]
[ 2012-12-28T14:37:22+08:00 ] /Thinkphp_project/index.php | INFO: Run ShowRuntime Behavior [ RunTime:0.000158s ]
[ 2012-12-28T14:37:22+08:00 ] /Thinkphp_project/index.php | INFO: Tag[ view_filter ] --END-- [ RunTime:-0.008535s ]
[ 2012-12-28T14:37:22+08:00 ] /Thinkphp_project/index.php | INFO: Tag[ view_end ] --START--
[ 2012-12-28T14:37:22+08:00 ] /Thinkphp_project/index.php | INFO: Run ShowPageTrace Behavior [ RunTime:0.000046s ]
[ 2012-12-28T14:37:22+08:00 ] /Thinkphp_project/index.php | INFO: Tag[ view_end ] --END-- [ RunTime:-0.007858s ]
[ 2012-12-28T14:37:55+08:00 ] /Thinkphp_project/index.php/Index/index | INFO: Tag[ route_check ] --START--
[ 2012-12-28T14:37:55+08:00 ] /Thinkphp_project/index.php/Index/index | INFO: Run CheckRoute Behavior [ RunTime:0.000901s ]
[ 2012-12-28T14:37:55+08:00 ] /Thinkphp_project/index.php/Index/index | INFO: Tag[ route_check ] --END-- [ RunTime:0.000992s ]
[ 2012-12-28T14:37:55+08:00 ] /Thinkphp_project/index.php/Index/index | INFO: Tag[ app_begin ] --START--
[ 2012-12-28T14:37:55+08:00 ] /Thinkphp_project/index.php/Index/index | INFO: Run ReadHtmlCache Behavior [ RunTime:0.000696s ]
[ 2012-12-28T14:37:55+08:00 ] /Thinkphp_project/index.php/Index/index | INFO: Tag[ app_begin ] --END-- [ RunTime:0.000772s ]
[ 2012-12-28T14:37:55+08:00 ] /Thinkphp_project/index.php/Index/index | INFO: Tag[ view_template ] --START--
[ 2012-12-28T14:37:55+08:00 ] /Thinkphp_project/index.php/Index/index | INFO: Run LocationTemplate Behavior [ RunTime:0.000819s ]
[ 2012-12-28T14:37:55+08:00 ] /Thinkphp_project/index.php/Index/index | INFO: Tag[ view_template ] --END-- [ RunTime:0.000899s ]
[ 2012-12-28T14:37:55+08:00 ] /Thinkphp_project/index.php/Index/index | INFO: Tag[ view_parse ] --START--
[ 2012-12-28T14:37:55+08:00 ] /Thinkphp_project/index.php/Index/index | INFO: Run ParseTemplate Behavior [ RunTime:0.006746s ]
[ 2012-12-28T14:37:55+08:00 ] /Thinkphp_project/index.php/Index/index | INFO: Tag[ view_parse ] --END-- [ RunTime:0.006830s ]
[ 2012-12-28T14:37:55+08:00 ] /Thinkphp_project/index.php/Index/index | INFO: Tag[ view_filter ] --START--
[ 2012-12-28T14:37:55+08:00 ] /Thinkphp_project/index.php/Index/index | INFO: Run ContentReplace Behavior [ RunTime:0.000556s ]
[ 2012-12-28T14:37:55+08:00 ] /Thinkphp_project/index.php/Index/index | INFO: Run TokenBuild Behavior [ RunTime:0.000602s ]
[ 2012-12-28T14:37:55+08:00 ] /Thinkphp_project/index.php/Index/index | INFO: Run WriteHtmlCache Behavior [ RunTime:0.000422s ]
[ 2012-12-28T14:37:55+08:00 ] /Thinkphp_project/index.php/Index/index | INFO: Run ShowRuntime Behavior [ RunTime:0.000673s ]
[ 2012-12-28T14:37:55+08:00 ] /Thinkphp_project/index.php/Index/index | INFO: Tag[ view_filter ] --END-- [ RunTime:0.002459s ]
[ 2012-12-28T14:37:55+08:00 ] /Thinkphp_project/index.php/Index/index | INFO: Tag[ view_end ] --START--
[ 2012-12-28T14:37:56+08:00 ] /Thinkphp_project/index.php/Index/index | INFO: Run ShowPageTrace Behavior [ RunTime:0.000623s ]
[ 2012-12-28T14:37:56+08:00 ] /Thinkphp_project/index.php/Index/index | INFO: Tag[ view_end ] --END-- [ RunTime:0.000696s ]
[ 2012-12-28T14:37:56+08:00 ] /Thinkphp_project/index.php/Index/index | NOTIC: [8] Constant PHP_FILE already defined Dispatcher.class.php 第 53 行.
[ 2012-12-28T14:37:56+08:00 ] /Thinkphp_project/index.php/Index/index | INFO: Tag[ route_check ] --START--
[ 2012-12-28T14:37:56+08:00 ] /Thinkphp_project/index.php/Index/index | INFO: Run CheckRoute Behavior [ RunTime:0.000061s ]
[ 2012-12-28T14:37:56+08:00 ] /Thinkphp_project/index.php/Index/index | INFO: Tag[ route_check ] --END-- [ RunTime:-0.013781s ]
[ 2012-12-28T14:37:56+08:00 ] /Thinkphp_project/index.php/Index/index | NOTIC: [8] Constant __INFO__ already defined Dispatcher.class.php 第 128 行.
[ 2012-12-28T14:37:56+08:00 ] /Thinkphp_project/index.php/Index/index | NOTIC: [8] Constant MODULE_NAME already defined Dispatcher.class.php 第 135 行.
[ 2012-12-28T14:37:56+08:00 ] /Thinkphp_project/index.php/Index/index | NOTIC: [8] Constant P_ACTION_NAME already defined Dispatcher.class.php 第 206 行.
[ 2012-12-28T14:37:56+08:00 ] /Thinkphp_project/index.php/Index/index | NOTIC: [8] Constant ACTION_NAME already defined Dispatcher.class.php 第 136 行.
[ 2012-12-28T14:37:56+08:00 ] /Thinkphp_project/index.php/Index/index | NOTIC: [8] Constant __SELF__ already defined Dispatcher.class.php 第 138 行.
[ 2012-12-28T14:37:56+08:00 ] /Thinkphp_project/index.php/Index/index | NOTIC: [8] Constant __APP__ already defined Dispatcher.class.php 第 140 行.
[ 2012-12-28T14:37:56+08:00 ] /Thinkphp_project/index.php/Index/index | NOTIC: [8] Constant __URL__ already defined Dispatcher.class.php 第 147 行.
[ 2012-12-28T14:37:56+08:00 ] /Thinkphp_project/index.php/Index/index | NOTIC: [8] Constant __ACTION__ already defined Dispatcher.class.php 第 150 行.
[ 2012-12-28T14:37:56+08:00 ] /Thinkphp_project/index.php/Index/index | NOTIC: [8] Constant THEME_NAME already defined App.class.php 第 69 行.
[ 2012-12-28T14:37:56+08:00 ] /Thinkphp_project/index.php/Index/index | NOTIC: [8] Constant THEME_PATH already defined App.class.php 第 71 行.
[ 2012-12-28T14:37:56+08:00 ] /Thinkphp_project/index.php/Index/index | NOTIC: [8] Constant APP_TMPL_PATH already defined App.class.php 第 72 行.
[ 2012-12-28T14:37:56+08:00 ] /Thinkphp_project/index.php/Index/index | INFO: Tag[ app_begin ] --START--
[ 2012-12-28T14:37:56+08:00 ] /Thinkphp_project/index.php/Index/index | INFO: Run ReadHtmlCache Behavior [ RunTime:0.000087s ]
[ 2012-12-28T14:37:56+08:00 ] /Thinkphp_project/index.php/Index/index | INFO: Tag[ app_begin ] --END-- [ RunTime:-0.013482s ]
[ 2012-12-28T14:37:56+08:00 ] /Thinkphp_project/index.php/Index/index | NOTIC: [8] A session had already been started - ignoring session_start() functions.php 第 411 行.
[ 2012-12-28T14:37:56+08:00 ] /Thinkphp_project/index.php/Index/index | INFO: Tag[ view_template ] --START--
[ 2012-12-28T14:37:56+08:00 ] /Thinkphp_project/index.php/Index/index | INFO: Run LocationTemplate Behavior [ RunTime:0.000346s ]
[ 2012-12-28T14:37:56+08:00 ] /Thinkphp_project/index.php/Index/index | INFO: Tag[ view_template ] --END-- [ RunTime:-0.012344s ]
[ 2012-12-28T14:37:56+08:00 ] /Thinkphp_project/index.php/Index/index | INFO: Tag[ view_parse ] --START--
[ 2012-12-28T14:37:56+08:00 ] /Thinkphp_project/index.php/Index/index | INFO: Run ParseTemplate Behavior [ RunTime:0.001935s ]
[ 2012-12-28T14:37:56+08:00 ] /Thinkphp_project/index.php/Index/index | INFO: Tag[ view_parse ] --END-- [ RunTime:-0.005932s ]
[ 2012-12-28T14:37:56+08:00 ] /Thinkphp_project/index.php/Index/index | INFO: Tag[ view_filter ] --START--
[ 2012-12-28T14:37:56+08:00 ] /Thinkphp_project/index.php/Index/index | INFO: Run ContentReplace Behavior [ RunTime:0.000089s ]
[ 2012-12-28T14:37:56+08:00 ] /Thinkphp_project/index.php/Index/index | INFO: Run TokenBuild Behavior [ RunTime:0.000101s ]
[ 2012-12-28T14:37:56+08:00 ] /Thinkphp_project/index.php/Index/index | INFO: Run WriteHtmlCache Behavior [ RunTime:0.000022s ]
[ 2012-12-28T14:37:56+08:00 ] /Thinkphp_project/index.php/Index/index | INFO: Run ShowRuntime Behavior [ RunTime:0.000146s ]
[ 2012-12-28T14:37:56+08:00 ] /Thinkphp_project/index.php/Index/index | INFO: Tag[ view_filter ] --END-- [ RunTime:-0.005489s ]
[ 2012-12-28T14:37:56+08:00 ] /Thinkphp_project/index.php/Index/index | INFO: Tag[ view_end ] --START--
[ 2012-12-28T14:37:56+08:00 ] /Thinkphp_project/index.php/Index/index | INFO: Run ShowPageTrace Behavior [ RunTime:0.000043s ]
[ 2012-12-28T14:37:56+08:00 ] /Thinkphp_project/index.php/Index/index | INFO: Tag[ view_end ] --END-- [ RunTime:-0.005330s ]
[ 2012-12-28T14:45:07+08:00 ] /Thinkphp_project/index.php/ | INFO: Tag[ route_check ] --START--
[ 2012-12-28T14:45:07+08:00 ] /Thinkphp_project/index.php/ | INFO: Run CheckRoute Behavior [ RunTime:0.001329s ]
[ 2012-12-28T14:45:07+08:00 ] /Thinkphp_project/index.php/ | INFO: Tag[ route_check ] --END-- [ RunTime:0.001472s ]
[ 2012-12-28T14:45:07+08:00 ] /Thinkphp_project/index.php/ | INFO: Tag[ app_begin ] --START--
[ 2012-12-28T14:45:07+08:00 ] /Thinkphp_project/index.php/ | INFO: Run ReadHtmlCache Behavior [ RunTime:0.001125s ]
[ 2012-12-28T14:45:07+08:00 ] /Thinkphp_project/index.php/ | INFO: Tag[ app_begin ] --END-- [ RunTime:0.001242s ]
[ 2012-12-28T14:45:07+08:00 ] /Thinkphp_project/index.php/ | INFO: Tag[ view_template ] --START--
[ 2012-12-28T14:45:07+08:00 ] /Thinkphp_project/index.php/ | INFO: Run LocationTemplate Behavior [ RunTime:0.001320s ]
[ 2012-12-28T14:45:07+08:00 ] /Thinkphp_project/index.php/ | INFO: Tag[ view_template ] --END-- [ RunTime:0.001442s ]
[ 2012-12-28T14:45:07+08:00 ] /Thinkphp_project/index.php/ | INFO: Tag[ view_parse ] --START--
[ 2012-12-28T14:45:07+08:00 ] /Thinkphp_project/index.php/ | INFO: Run ParseTemplate Behavior [ RunTime:0.010597s ]
[ 2012-12-28T14:45:07+08:00 ] /Thinkphp_project/index.php/ | INFO: Tag[ view_parse ] --END-- [ RunTime:0.010703s ]
[ 2012-12-28T14:45:07+08:00 ] /Thinkphp_project/index.php/ | INFO: Tag[ view_filter ] --START--
[ 2012-12-28T14:45:07+08:00 ] /Thinkphp_project/index.php/ | INFO: Run ContentReplace Behavior [ RunTime:0.000589s ]
[ 2012-12-28T14:45:07+08:00 ] /Thinkphp_project/index.php/ | INFO: Run TokenBuild Behavior [ RunTime:0.000585s ]
[ 2012-12-28T14:45:07+08:00 ] /Thinkphp_project/index.php/ | INFO: Run WriteHtmlCache Behavior [ RunTime:0.000466s ]
[ 2012-12-28T14:45:07+08:00 ] /Thinkphp_project/index.php/ | INFO: Run ShowRuntime Behavior [ RunTime:0.000683s ]
[ 2012-12-28T14:45:07+08:00 ] /Thinkphp_project/index.php/ | INFO: Tag[ view_filter ] --END-- [ RunTime:0.002524s ]
[ 2012-12-28T14:45:07+08:00 ] /Thinkphp_project/index.php/ | INFO: Tag[ view_end ] --START--
[ 2012-12-28T14:45:07+08:00 ] /Thinkphp_project/index.php/ | INFO: Run ShowPageTrace Behavior [ RunTime:0.000631s ]
[ 2012-12-28T14:45:07+08:00 ] /Thinkphp_project/index.php/ | INFO: Tag[ view_end ] --END-- [ RunTime:0.000702s ]
[ 2012-12-28T14:45:07+08:00 ] /Thinkphp_project/index.php/ | NOTIC: [8] Constant PHP_FILE already defined Dispatcher.class.php 第 53 行.
[ 2012-12-28T14:45:07+08:00 ] /Thinkphp_project/index.php/ | INFO: Tag[ route_check ] --START--
[ 2012-12-28T14:45:07+08:00 ] /Thinkphp_project/index.php/ | INFO: Run CheckRoute Behavior [ RunTime:0.000061s ]
[ 2012-12-28T14:45:07+08:00 ] /Thinkphp_project/index.php/ | INFO: Tag[ route_check ] --END-- [ RunTime:-0.019340s ]
[ 2012-12-28T14:45:07+08:00 ] /Thinkphp_project/index.php/ | NOTIC: [8] Constant __INFO__ already defined Dispatcher.class.php 第 128 行.
[ 2012-12-28T14:45:07+08:00 ] /Thinkphp_project/index.php/ | NOTIC: [8] Constant MODULE_NAME already defined Dispatcher.class.php 第 135 行.
[ 2012-12-28T14:45:07+08:00 ] /Thinkphp_project/index.php/ | NOTIC: [8] Constant P_ACTION_NAME already defined Dispatcher.class.php 第 206 行.
[ 2012-12-28T14:45:07+08:00 ] /Thinkphp_project/index.php/ | NOTIC: [8] Constant ACTION_NAME already defined Dispatcher.class.php 第 136 行.
[ 2012-12-28T14:45:07+08:00 ] /Thinkphp_project/index.php/ | NOTIC: [8] Constant __SELF__ already defined Dispatcher.class.php 第 138 行.
[ 2012-12-28T14:45:07+08:00 ] /Thinkphp_project/index.php/ | NOTIC: [8] Constant __APP__ already defined Dispatcher.class.php 第 140 行.
[ 2012-12-28T14:45:07+08:00 ] /Thinkphp_project/index.php/ | NOTIC: [8] Constant __URL__ already defined Dispatcher.class.php 第 147 行.
[ 2012-12-28T14:45:07+08:00 ] /Thinkphp_project/index.php/ | NOTIC: [8] Constant __ACTION__ already defined Dispatcher.class.php 第 150 行.
[ 2012-12-28T14:45:07+08:00 ] /Thinkphp_project/index.php/ | NOTIC: [8] Constant THEME_NAME already defined App.class.php 第 69 行.
[ 2012-12-28T14:45:07+08:00 ] /Thinkphp_project/index.php/ | NOTIC: [8] Constant THEME_PATH already defined App.class.php 第 71 行.
[ 2012-12-28T14:45:07+08:00 ] /Thinkphp_project/index.php/ | NOTIC: [8] Constant APP_TMPL_PATH already defined App.class.php 第 72 行.
[ 2012-12-28T14:45:07+08:00 ] /Thinkphp_project/index.php/ | INFO: Tag[ app_begin ] --START--
[ 2012-12-28T14:45:07+08:00 ] /Thinkphp_project/index.php/ | INFO: Run ReadHtmlCache Behavior [ RunTime:0.000089s ]
[ 2012-12-28T14:45:07+08:00 ] /Thinkphp_project/index.php/ | INFO: Tag[ app_begin ] --END-- [ RunTime:-0.018476s ]
[ 2012-12-28T14:45:07+08:00 ] /Thinkphp_project/index.php/ | NOTIC: [8] A session had already been started - ignoring session_start() functions.php 第 411 行.
[ 2012-12-28T14:45:07+08:00 ] /Thinkphp_project/index.php/ | INFO: Tag[ view_template ] --START--
[ 2012-12-28T14:45:07+08:00 ] /Thinkphp_project/index.php/ | INFO: Run LocationTemplate Behavior [ RunTime:0.000350s ]
[ 2012-12-28T14:45:07+08:00 ] /Thinkphp_project/index.php/ | INFO: Tag[ view_template ] --END-- [ RunTime:-0.016509s ]
[ 2012-12-28T14:45:07+08:00 ] /Thinkphp_project/index.php/ | INFO: Tag[ view_parse ] --START--
[ 2012-12-28T14:45:07+08:00 ] /Thinkphp_project/index.php/ | INFO: Run ParseTemplate Behavior [ RunTime:0.002090s ]
[ 2012-12-28T14:45:07+08:00 ] /Thinkphp_project/index.php/ | INFO: Tag[ view_parse ] --END-- [ RunTime:-0.006198s ]
[ 2012-12-28T14:45:07+08:00 ] /Thinkphp_project/index.php/ | INFO: Tag[ view_filter ] --START--
[ 2012-12-28T14:45:07+08:00 ] /Thinkphp_project/index.php/ | INFO: Run ContentReplace Behavior [ RunTime:0.000094s ]
[ 2012-12-28T14:45:07+08:00 ] /Thinkphp_project/index.php/ | INFO: Run TokenBuild Behavior [ RunTime:0.000102s ]
[ 2012-12-28T14:45:07+08:00 ] /Thinkphp_project/index.php/ | INFO: Run WriteHtmlCache Behavior [ RunTime:0.000023s ]
[ 2012-12-28T14:45:07+08:00 ] /Thinkphp_project/index.php/ | INFO: Run ShowRuntime Behavior [ RunTime:0.000146s ]
[ 2012-12-28T14:45:07+08:00 ] /Thinkphp_project/index.php/ | INFO: Tag[ view_filter ] --END-- [ RunTime:-0.005878s ]
[ 2012-12-28T14:45:07+08:00 ] /Thinkphp_project/index.php/ | INFO: Tag[ view_end ] --START--
[ 2012-12-28T14:45:07+08:00 ] /Thinkphp_project/index.php/ | INFO: Run ShowPageTrace Behavior [ RunTime:0.000043s ]
[ 2012-12-28T14:45:07+08:00 ] /Thinkphp_project/index.php/ | INFO: Tag[ view_end ] --END-- [ RunTime:-0.005722s ]
[ 2012-12-28T14:49:08+08:00 ] /Thinkphp_project/index.php/ | INFO: Tag[ route_check ] --START--
[ 2012-12-28T14:49:08+08:00 ] /Thinkphp_project/index.php/ | INFO: Run CheckRoute Behavior [ RunTime:0.001377s ]
[ 2012-12-28T14:49:08+08:00 ] /Thinkphp_project/index.php/ | INFO: Tag[ route_check ] --END-- [ RunTime:0.001506s ]
[ 2012-12-28T14:49:08+08:00 ] /Thinkphp_project/index.php/ | INFO: Tag[ app_begin ] --START--
[ 2012-12-28T14:49:08+08:00 ] /Thinkphp_project/index.php/ | INFO: Run ReadHtmlCache Behavior [ RunTime:0.000729s ]
[ 2012-12-28T14:49:08+08:00 ] /Thinkphp_project/index.php/ | INFO: Tag[ app_begin ] --END-- [ RunTime:0.000804s ]
[ 2012-12-28T14:49:08+08:00 ] /Thinkphp_project/index.php/ | INFO: Tag[ view_template ] --START--
[ 2012-12-28T14:49:08+08:00 ] /Thinkphp_project/index.php/ | INFO: Run LocationTemplate Behavior [ RunTime:0.000831s ]
[ 2012-12-28T14:49:08+08:00 ] /Thinkphp_project/index.php/ | INFO: Tag[ view_template ] --END-- [ RunTime:0.000908s ]
[ 2012-12-28T14:49:08+08:00 ] /Thinkphp_project/index.php/ | INFO: Tag[ view_parse ] --START--
[ 2012-12-28T14:49:08+08:00 ] /Thinkphp_project/index.php/ | INFO: Run ParseTemplate Behavior [ RunTime:0.007223s ]
[ 2012-12-28T14:49:08+08:00 ] /Thinkphp_project/index.php/ | INFO: Tag[ view_parse ] --END-- [ RunTime:0.007310s ]
[ 2012-12-28T14:49:08+08:00 ] /Thinkphp_project/index.php/ | INFO: Tag[ view_filter ] --START--
[ 2012-12-28T14:49:08+08:00 ] /Thinkphp_project/index.php/ | INFO: Run ContentReplace Behavior [ RunTime:0.000578s ]
[ 2012-12-28T14:49:08+08:00 ] /Thinkphp_project/index.php/ | INFO: Run TokenBuild Behavior [ RunTime:0.000620s ]
[ 2012-12-28T14:49:08+08:00 ] /Thinkphp_project/index.php/ | INFO: Run WriteHtmlCache Behavior [ RunTime:0.000444s ]
[ 2012-12-28T14:49:08+08:00 ] /Thinkphp_project/index.php/ | INFO: Run ShowRuntime Behavior [ RunTime:0.000736s ]
[ 2012-12-28T14:49:08+08:00 ] /Thinkphp_project/index.php/ | INFO: Tag[ view_filter ] --END-- [ RunTime:0.002590s ]
[ 2012-12-28T14:49:08+08:00 ] /Thinkphp_project/index.php/ | INFO: Tag[ view_end ] --START--
[ 2012-12-28T14:49:08+08:00 ] /Thinkphp_project/index.php/ | INFO: Run ShowPageTrace Behavior [ RunTime:0.000730s ]
[ 2012-12-28T14:49:08+08:00 ] /Thinkphp_project/index.php/ | INFO: Tag[ view_end ] --END-- [ RunTime:0.000810s ]
[ 2012-12-28T14:49:08+08:00 ] /Thinkphp_project/index.php/ | NOTIC: [8] Constant PHP_FILE already defined Dispatcher.class.php 第 53 行.
[ 2012-12-28T14:49:08+08:00 ] /Thinkphp_project/index.php/ | INFO: Tag[ route_check ] --START--
[ 2012-12-28T14:49:08+08:00 ] /Thinkphp_project/index.php/ | INFO: Run CheckRoute Behavior [ RunTime:0.000060s ]
[ 2012-12-28T14:49:08+08:00 ] /Thinkphp_project/index.php/ | INFO: Tag[ route_check ] --END-- [ RunTime:-0.014692s ]
[ 2012-12-28T14:49:08+08:00 ] /Thinkphp_project/index.php/ | NOTIC: [8] Constant __INFO__ already defined Dispatcher.class.php 第 128 行.
[ 2012-12-28T14:49:08+08:00 ] /Thinkphp_project/index.php/ | NOTIC: [8] Constant MODULE_NAME already defined Dispatcher.class.php 第 135 行.
[ 2012-12-28T14:49:08+08:00 ] /Thinkphp_project/index.php/ | NOTIC: [8] Constant P_ACTION_NAME already defined Dispatcher.class.php 第 206 行.
[ 2012-12-28T14:49:08+08:00 ] /Thinkphp_project/index.php/ | NOTIC: [8] Constant ACTION_NAME already defined Dispatcher.class.php 第 136 行.
[ 2012-12-28T14:49:08+08:00 ] /Thinkphp_project/index.php/ | NOTIC: [8] Constant __SELF__ already defined Dispatcher.class.php 第 138 行.
[ 2012-12-28T14:49:08+08:00 ] /Thinkphp_project/index.php/ | NOTIC: [8] Constant __APP__ already defined Dispatcher.class.php 第 140 行.
[ 2012-12-28T14:49:08+08:00 ] /Thinkphp_project/index.php/ | NOTIC: [8] Constant __URL__ already defined Dispatcher.class.php 第 147 行.
[ 2012-12-28T14:49:08+08:00 ] /Thinkphp_project/index.php/ | NOTIC: [8] Constant __ACTION__ already defined Dispatcher.class.php 第 150 行.
[ 2012-12-28T14:49:08+08:00 ] /Thinkphp_project/index.php/ | NOTIC: [8] Constant THEME_NAME already defined App.class.php 第 69 行.
[ 2012-12-28T14:49:08+08:00 ] /Thinkphp_project/index.php/ | NOTIC: [8] Constant THEME_PATH already defined App.class.php 第 71 行.
[ 2012-12-28T14:49:08+08:00 ] /Thinkphp_project/index.php/ | NOTIC: [8] Constant APP_TMPL_PATH already defined App.class.php 第 72 行.
[ 2012-12-28T14:49:08+08:00 ] /Thinkphp_project/index.php/ | INFO: Tag[ app_begin ] --START--
[ 2012-12-28T14:49:08+08:00 ] /Thinkphp_project/index.php/ | INFO: Run ReadHtmlCache Behavior [ RunTime:0.000091s ]
[ 2012-12-28T14:49:08+08:00 ] /Thinkphp_project/index.php/ | INFO: Tag[ app_begin ] --END-- [ RunTime:-0.014395s ]
[ 2012-12-28T14:49:08+08:00 ] /Thinkphp_project/index.php/ | NOTIC: [8] A session had already been started - ignoring session_start() functions.php 第 411 行.
[ 2012-12-28T14:49:08+08:00 ] /Thinkphp_project/index.php/ | INFO: Tag[ view_template ] --START--
[ 2012-12-28T14:49:08+08:00 ] /Thinkphp_project/index.php/ | INFO: Run LocationTemplate Behavior [ RunTime:0.000356s ]
[ 2012-12-28T14:49:08+08:00 ] /Thinkphp_project/index.php/ | INFO: Tag[ view_template ] --END-- [ RunTime:-0.013308s ]
[ 2012-12-28T14:49:08+08:00 ] /Thinkphp_project/index.php/ | INFO: Tag[ view_parse ] --START--
[ 2012-12-28T14:49:08+08:00 ] /Thinkphp_project/index.php/ | INFO: Run ParseTemplate Behavior [ RunTime:0.002073s ]
[ 2012-12-28T14:49:08+08:00 ] /Thinkphp_project/index.php/ | INFO: Tag[ view_parse ] --END-- [ RunTime:-0.006432s ]
[ 2012-12-28T14:49:08+08:00 ] /Thinkphp_project/index.php/ | INFO: Tag[ view_filter ] --START--
[ 2012-12-28T14:49:08+08:00 ] /Thinkphp_project/index.php/ | INFO: Run ContentReplace Behavior [ RunTime:0.000090s ]
[ 2012-12-28T14:49:08+08:00 ] /Thinkphp_project/index.php/ | INFO: Run TokenBuild Behavior [ RunTime:0.000102s ]
[ 2012-12-28T14:49:08+08:00 ] /Thinkphp_project/index.php/ | INFO: Run WriteHtmlCache Behavior [ RunTime:0.000022s ]
[ 2012-12-28T14:49:08+08:00 ] /Thinkphp_project/index.php/ | INFO: Run ShowRuntime Behavior [ RunTime:0.000165s ]
[ 2012-12-28T14:49:08+08:00 ] /Thinkphp_project/index.php/ | INFO: Tag[ view_filter ] --END-- [ RunTime:-0.005979s ]
[ 2012-12-28T14:49:08+08:00 ] /Thinkphp_project/index.php/ | INFO: Tag[ view_end ] --START--
[ 2012-12-28T14:49:08+08:00 ] /Thinkphp_project/index.php/ | INFO: Run ShowPageTrace Behavior [ RunTime:0.000043s ]
[ 2012-12-28T14:49:08+08:00 ] /Thinkphp_project/index.php/ | INFO: Tag[ view_end ] --END-- [ RunTime:-0.005726s ]
[ 2012-12-28T14:50:46+08:00 ] /Thinkphp_project/index.php/ | ERR: (ThinkException) 模板不存在[./Test/Index/index.html]
[ 2012-12-28T15:10:15+08:00 ] /Thinkphp_project/index.php/Index/index | INFO: Tag[ route_check ] --START--
[ 2012-12-28T15:10:15+08:00 ] /Thinkphp_project/index.php/Index/index | INFO: Run CheckRoute Behavior [ RunTime:0.000837s ]
[ 2012-12-28T15:10:15+08:00 ] /Thinkphp_project/index.php/Index/index | INFO: Tag[ route_check ] --END-- [ RunTime:0.000928s ]
[ 2012-12-28T15:10:15+08:00 ] /Thinkphp_project/index.php/Index/index | INFO: Tag[ app_begin ] --START--
[ 2012-12-28T15:10:15+08:00 ] /Thinkphp_project/index.php/Index/index | INFO: Run ReadHtmlCache Behavior [ RunTime:0.000693s ]
[ 2012-12-28T15:10:15+08:00 ] /Thinkphp_project/index.php/Index/index | INFO: Tag[ app_begin ] --END-- [ RunTime:0.000766s ]
[ 2012-12-28T15:10:15+08:00 ] /Thinkphp_project/index.php/Index/index | INFO: Tag[ view_template ] --START--
[ 2012-12-28T15:10:15+08:00 ] /Thinkphp_project/index.php/Index/index | INFO: Run LocationTemplate Behavior [ RunTime:0.000813s ]
[ 2012-12-28T15:10:15+08:00 ] /Thinkphp_project/index.php/Index/index | INFO: Tag[ view_template ] --END-- [ RunTime:0.000887s ]
[ 2012-12-28T15:10:15+08:00 ] /Thinkphp_project/index.php/Index/index | INFO: Tag[ view_parse ] --START--
[ 2012-12-28T15:10:15+08:00 ] /Thinkphp_project/index.php/Index/index | INFO: Run ParseTemplate Behavior [ RunTime:0.006801s ]
[ 2012-12-28T15:10:15+08:00 ] /Thinkphp_project/index.php/Index/index | INFO: Tag[ view_parse ] --END-- [ RunTime:0.006887s ]
[ 2012-12-28T15:10:15+08:00 ] /Thinkphp_project/index.php/Index/index | INFO: Tag[ view_filter ] --START--
[ 2012-12-28T15:10:15+08:00 ] /Thinkphp_project/index.php/Index/index | INFO: Run ContentReplace Behavior [ RunTime:0.000566s ]
[ 2012-12-28T15:10:15+08:00 ] /Thinkphp_project/index.php/Index/index | INFO: Run TokenBuild Behavior [ RunTime:0.000579s ]
[ 2012-12-28T15:10:15+08:00 ] /Thinkphp_project/index.php/Index/index | INFO: Run WriteHtmlCache Behavior [ RunTime:0.000442s ]
[ 2012-12-28T15:10:15+08:00 ] /Thinkphp_project/index.php/Index/index | INFO: Run ShowRuntime Behavior [ RunTime:0.000667s ]
[ 2012-12-28T15:10:15+08:00 ] /Thinkphp_project/index.php/Index/index | INFO: Tag[ view_filter ] --END-- [ RunTime:0.002455s ]
[ 2012-12-28T15:10:15+08:00 ] /Thinkphp_project/index.php/Index/index | INFO: Tag[ view_end ] --START--
[ 2012-12-28T15:10:15+08:00 ] /Thinkphp_project/index.php/Index/index | INFO: Run ShowPageTrace Behavior [ RunTime:0.000620s ]
[ 2012-12-28T15:10:15+08:00 ] /Thinkphp_project/index.php/Index/index | INFO: Tag[ view_end ] --END-- [ RunTime:0.000692s ]
[ 2012-12-28T15:14:49+08:00 ] /Thinkphp_project/index.php/Index/index | INFO: Tag[ route_check ] --START--
[ 2012-12-28T15:14:49+08:00 ] /Thinkphp_project/index.php/Index/index | INFO: Run CheckRoute Behavior [ RunTime:0.001025s ]
[ 2012-12-28T15:14:49+08:00 ] /Thinkphp_project/index.php/Index/index | INFO: Tag[ route_check ] --END-- [ RunTime:0.001128s ]
[ 2012-12-28T15:14:49+08:00 ] /Thinkphp_project/index.php/Index/index | INFO: Tag[ app_begin ] --START--
[ 2012-12-28T15:14:49+08:00 ] /Thinkphp_project/index.php/Index/index | INFO: Run ReadHtmlCache Behavior [ RunTime:0.000721s ]
[ 2012-12-28T15:14:49+08:00 ] /Thinkphp_project/index.php/Index/index | INFO: Tag[ app_begin ] --END-- [ RunTime:0.000796s ]
[ 2012-12-28T15:14:51+08:00 ] /Thinkphp_project/index.php/Index/index | INFO: Tag[ route_check ] --START--
[ 2012-12-28T15:14:51+08:00 ] /Thinkphp_project/index.php/Index/index | INFO: Run CheckRoute Behavior [ RunTime:0.000885s ]
[ 2012-12-28T15:14:51+08:00 ] /Thinkphp_project/index.php/Index/index | INFO: Tag[ route_check ] --END-- [ RunTime:0.000975s ]
[ 2012-12-28T15:14:51+08:00 ] /Thinkphp_project/index.php/Index/index | INFO: Tag[ app_begin ] --START--
[ 2012-12-28T15:14:51+08:00 ] /Thinkphp_project/index.php/Index/index | INFO: Run ReadHtmlCache Behavior [ RunTime:0.000704s ]
[ 2012-12-28T15:14:51+08:00 ] /Thinkphp_project/index.php/Index/index | INFO: Tag[ app_begin ] --END-- [ RunTime:0.000777s ]
[ 2012-12-28T15:57:15+08:00 ] /Thinkphp_project/index.php/Index/index | INFO: Tag[ route_check ] --START--
[ 2012-12-28T15:57:15+08:00 ] /Thinkphp_project/index.php/Index/index | INFO: Run CheckRoute Behavior [ RunTime:0.000983s ]
[ 2012-12-28T15:57:15+08:00 ] /Thinkphp_project/index.php/Index/index | INFO: Tag[ route_check ] --END-- [ RunTime:0.001081s ]
[ 2012-12-28T15:57:15+08:00 ] /Thinkphp_project/index.php/Index/index | INFO: Tag[ app_begin ] --START--
[ 2012-12-28T15:57:15+08:00 ] /Thinkphp_project/index.php/Index/index | INFO: Run ReadHtmlCache Behavior [ RunTime:0.000719s ]
[ 2012-12-28T15:57:15+08:00 ] /Thinkphp_project/index.php/Index/index | INFO: Tag[ app_begin ] --END-- [ RunTime:0.000787s ]
[ 2012-12-28T15:57:15+08:00 ] /Thinkphp_project/index.php/Index/index | INFO: Tag[ view_template ] --START--
[ 2012-12-28T15:57:15+08:00 ] /Thinkphp_project/index.php/Index/index | INFO: Run LocationTemplate Behavior [ RunTime:0.000838s ]
[ 2012-12-28T15:57:15+08:00 ] /Thinkphp_project/index.php/Index/index | INFO: Tag[ view_template ] --END-- [ RunTime:0.000916s ]
[ 2012-12-28T15:57:15+08:00 ] /Thinkphp_project/index.php/Index/index | INFO: Tag[ view_parse ] --START--
[ 2012-12-28T15:57:15+08:00 ] /Thinkphp_project/index.php/Index/index | INFO: Run ParseTemplate Behavior [ RunTime:0.007001s ]
[ 2012-12-28T15:57:15+08:00 ] /Thinkphp_project/index.php/Index/index | INFO: Tag[ view_parse ] --END-- [ RunTime:0.007084s ]
[ 2012-12-28T15:57:15+08:00 ] /Thinkphp_project/index.php/Index/index | INFO: Tag[ view_filter ] --START--
[ 2012-12-28T15:57:15+08:00 ] /Thinkphp_project/index.php/Index/index | INFO: Run ContentReplace Behavior [ RunTime:0.000588s ]
[ 2012-12-28T15:57:16+08:00 ] /Thinkphp_project/index.php/Index/index | INFO: Run TokenBuild Behavior [ RunTime:0.000604s ]
[ 2012-12-28T15:57:16+08:00 ] /Thinkphp_project/index.php/Index/index | INFO: Run WriteHtmlCache Behavior [ RunTime:0.000450s ]
[ 2012-12-28T15:57:16+08:00 ] /Thinkphp_project/index.php/Index/index | INFO: Run ShowRuntime Behavior [ RunTime:0.000690s ]
[ 2012-12-28T15:57:16+08:00 ] /Thinkphp_project/index.php/Index/index | INFO: Tag[ view_filter ] --END-- [ RunTime:0.002526s ]
[ 2012-12-28T15:57:16+08:00 ] /Thinkphp_project/index.php/Index/index | INFO: Tag[ view_end ] --START--
[ 2012-12-28T15:57:16+08:00 ] /Thinkphp_project/index.php/Index/index | INFO: Run ShowPageTrace Behavior [ RunTime:0.000698s ]
[ 2012-12-28T15:57:16+08:00 ] /Thinkphp_project/index.php/Index/index | INFO: Tag[ view_end ] --END-- [ RunTime:0.000765s ]
[ 2012-12-28T15:57:28+08:00 ] /Thinkphp_project/index.php/Index/index | INFO: Tag[ route_check ] --START--
[ 2012-12-28T15:57:28+08:00 ] /Thinkphp_project/index.php/Index/index | INFO: Run CheckRoute Behavior [ RunTime:0.000884s ]
[ 2012-12-28T15:57:28+08:00 ] /Thinkphp_project/index.php/Index/index | INFO: Tag[ route_check ] --END-- [ RunTime:0.000972s ]
[ 2012-12-28T15:57:28+08:00 ] /Thinkphp_project/index.php/Index/index | INFO: Tag[ app_begin ] --START--
[ 2012-12-28T15:57:28+08:00 ] /Thinkphp_project/index.php/Index/index | INFO: Run ReadHtmlCache Behavior [ RunTime:0.000707s ]
[ 2012-12-28T15:57:28+08:00 ] /Thinkphp_project/index.php/Index/index | INFO: Tag[ app_begin ] --END-- [ RunTime:0.000775s ]
[ 2012-12-28T15:57:28+08:00 ] /Thinkphp_project/index.php/Index/index | INFO: Tag[ view_template ] --START--
[ 2012-12-28T15:57:28+08:00 ] /Thinkphp_project/index.php/Index/index | INFO: Run LocationTemplate Behavior [ RunTime:0.000905s ]
[ 2012-12-28T15:57:28+08:00 ] /Thinkphp_project/index.php/Index/index | INFO: Tag[ view_template ] --END-- [ RunTime:0.000984s ]
[ 2012-12-28T15:57:28+08:00 ] /Thinkphp_project/index.php/Index/index | INFO: Tag[ view_parse ] --START--
[ 2012-12-28T15:57:29+08:00 ] /Thinkphp_project/index.php/Index/index | INFO: Run ParseTemplate Behavior [ RunTime:0.006738s ]
[ 2012-12-28T15:57:29+08:00 ] /Thinkphp_project/index.php/Index/index | INFO: Tag[ view_parse ] --END-- [ RunTime:0.006822s ]
[ 2012-12-28T15:57:29+08:00 ] /Thinkphp_project/index.php/Index/index | INFO: Tag[ view_filter ] --START--
[ 2012-12-28T15:57:29+08:00 ] /Thinkphp_project/index.php/Index/index | INFO: Run ContentReplace Behavior [ RunTime:0.000553s ]
[ 2012-12-28T15:57:29+08:00 ] /Thinkphp_project/index.php/Index/index | INFO: Run TokenBuild Behavior [ RunTime:0.000583s ]
[ 2012-12-28T15:57:29+08:00 ] /Thinkphp_project/index.php/Index/index | INFO: Run WriteHtmlCache Behavior [ RunTime:0.000456s ]
[ 2012-12-28T15:57:29+08:00 ] /Thinkphp_project/index.php/Index/index | INFO: Run ShowRuntime Behavior [ RunTime:0.000655s ]
[ 2012-12-28T15:57:29+08:00 ] /Thinkphp_project/index.php/Index/index | INFO: Tag[ view_filter ] --END-- [ RunTime:0.002439s ]
[ 2012-12-28T15:57:29+08:00 ] /Thinkphp_project/index.php/Index/index | INFO: Tag[ view_end ] --START--
[ 2012-12-28T15:57:29+08:00 ] /Thinkphp_project/index.php/Index/index | INFO: Run ShowPageTrace Behavior [ RunTime:0.000835s ]
[ 2012-12-28T15:57:29+08:00 ] /Thinkphp_project/index.php/Index/index | INFO: Tag[ view_end ] --END-- [ RunTime:0.000902s ]
[ 2012-12-28T15:57:56+08:00 ] /Thinkphp_project/index.php/Index/checkEnv | INFO: Tag[ route_check ] --START--
[ 2012-12-28T15:57:56+08:00 ] /Thinkphp_project/index.php/Index/checkEnv | INFO: Run CheckRoute Behavior [ RunTime:0.001012s ]
[ 2012-12-28T15:57:56+08:00 ] /Thinkphp_project/index.php/Index/checkEnv | INFO: Tag[ route_check ] --END-- [ RunTime:0.001108s ]
[ 2012-12-28T15:57:56+08:00 ] /Thinkphp_project/index.php/Index/checkEnv | INFO: Tag[ app_begin ] --START--
[ 2012-12-28T15:57:56+08:00 ] /Thinkphp_project/index.php/Index/checkEnv | INFO: Run ReadHtmlCache Behavior [ RunTime:0.000847s ]
[ 2012-12-28T15:57:56+08:00 ] /Thinkphp_project/index.php/Index/checkEnv | INFO: Tag[ app_begin ] --END-- [ RunTime:0.000924s ]
[ 2012-12-28T15:57:56+08:00 ] /Thinkphp_project/index.php/Index/checkEnv | INFO: Tag[ view_template ] --START--
[ 2012-12-28T15:57:56+08:00 ] /Thinkphp_project/index.php/Index/checkEnv | INFO: Run LocationTemplate Behavior [ RunTime:0.001010s ]
[ 2012-12-28T15:57:56+08:00 ] /Thinkphp_project/index.php/Index/checkEnv | INFO: Tag[ view_template ] --END-- [ RunTime:0.001090s ]
[ 2012-12-28T15:57:56+08:00 ] /Thinkphp_project/index.php/Index/checkEnv | INFO: Tag[ view_parse ] --START--
[ 2012-12-28T15:57:56+08:00 ] /Thinkphp_project/index.php/Index/checkEnv | NOTIC: [8] Undefined variable: Author c2782c65749c7b981df79f9eaca7dc8a.php 第 9 行.
[ 2012-12-28T15:57:56+08:00 ] /Thinkphp_project/index.php/Index/checkEnv | INFO: Run ParseTemplate Behavior [ RunTime:0.007597s ]
[ 2012-12-28T15:57:56+08:00 ] /Thinkphp_project/index.php/Index/checkEnv | INFO: Tag[ view_parse ] --END-- [ RunTime:0.007671s ]
[ 2012-12-28T15:57:56+08:00 ] /Thinkphp_project/index.php/Index/checkEnv | INFO: Tag[ view_filter ] --START--
[ 2012-12-28T15:57:56+08:00 ] /Thinkphp_project/index.php/Index/checkEnv | INFO: Run ContentReplace Behavior [ RunTime:0.000599s ]
[ 2012-12-28T15:57:56+08:00 ] /Thinkphp_project/index.php/Index/checkEnv | INFO: Run TokenBuild Behavior [ RunTime:0.000619s ]
[ 2012-12-28T15:57:56+08:00 ] /Thinkphp_project/index.php/Index/checkEnv | INFO: Run WriteHtmlCache Behavior [ RunTime:0.000495s ]
[ 2012-12-28T15:57:56+08:00 ] /Thinkphp_project/index.php/Index/checkEnv | INFO: Run ShowRuntime Behavior [ RunTime:0.000679s ]
[ 2012-12-28T15:57:56+08:00 ] /Thinkphp_project/index.php/Index/checkEnv | INFO: Tag[ view_filter ] --END-- [ RunTime:0.002600s ]
[ 2012-12-28T15:57:56+08:00 ] /Thinkphp_project/index.php/Index/checkEnv | INFO: Tag[ view_end ] --START--
[ 2012-12-28T15:57:56+08:00 ] /Thinkphp_project/index.php/Index/checkEnv | INFO: Run ShowPageTrace Behavior [ RunTime:0.000628s ]
[ 2012-12-28T15:57:56+08:00 ] /Thinkphp_project/index.php/Index/checkEnv | INFO: Tag[ view_end ] --END-- [ RunTime:0.000700s ]
[ 2012-12-28T20:32:42+08:00 ] /Thinkphp_project/ | INFO: Tag[ app_begin ] --START--
[ 2012-12-28T20:32:42+08:00 ] /Thinkphp_project/ | INFO: Run ReadHtmlCache Behavior [ RunTime:0.000990s ]
[ 2012-12-28T20:32:42+08:00 ] /Thinkphp_project/ | INFO: Tag[ app_begin ] --END-- [ RunTime:0.001120s ]
[ 2012-12-28T20:32:42+08:00 ] /Thinkphp_project/ | INFO: Tag[ view_template ] --START--
[ 2012-12-28T20:32:42+08:00 ] /Thinkphp_project/ | INFO: Run LocationTemplate Behavior [ RunTime:0.000900s ]
[ 2012-12-28T20:32:42+08:00 ] /Thinkphp_project/ | INFO: Tag[ view_template ] --END-- [ RunTime:0.000975s ]
[ 2012-12-28T20:32:42+08:00 ] /Thinkphp_project/ | INFO: Tag[ view_parse ] --START--
[ 2012-12-28T20:32:42+08:00 ] /Thinkphp_project/ | INFO: Run ParseTemplate Behavior [ RunTime:0.007442s ]
[ 2012-12-28T20:32:42+08:00 ] /Thinkphp_project/ | INFO: Tag[ view_parse ] --END-- [ RunTime:0.007524s ]
[ 2012-12-28T20:32:42+08:00 ] /Thinkphp_project/ | INFO: Tag[ view_filter ] --START--
[ 2012-12-28T20:32:42+08:00 ] /Thinkphp_project/ | INFO: Run ContentReplace Behavior [ RunTime:0.000564s ]
[ 2012-12-28T20:32:42+08:00 ] /Thinkphp_project/ | INFO: Run TokenBuild Behavior [ RunTime:0.000587s ]
[ 2012-12-28T20:32:42+08:00 ] /Thinkphp_project/ | INFO: Run WriteHtmlCache Behavior [ RunTime:0.000444s ]
[ 2012-12-28T20:32:42+08:00 ] /Thinkphp_project/ | INFO: Run ShowRuntime Behavior [ RunTime:0.000681s ]
[ 2012-12-28T20:32:42+08:00 ] /Thinkphp_project/ | INFO: Tag[ view_filter ] --END-- [ RunTime:0.002470s ]
[ 2012-12-28T20:32:42+08:00 ] /Thinkphp_project/ | INFO: Tag[ view_end ] --START--
[ 2012-12-28T20:32:42+08:00 ] /Thinkphp_project/ | INFO: Run ShowPageTrace Behavior [ RunTime:0.000599s ]
[ 2012-12-28T20:32:42+08:00 ] /Thinkphp_project/ | INFO: Tag[ view_end ] --END-- [ RunTime:0.000668s ]
[ 2012-12-28T20:32:51+08:00 ] /Thinkphp_project/Index/checkEnv | INFO: Tag[ route_check ] --START--
[ 2012-12-28T20:32:51+08:00 ] /Thinkphp_project/Index/checkEnv | INFO: Run CheckRoute Behavior [ RunTime:0.001583s ]
[ 2012-12-28T20:32:51+08:00 ] /Thinkphp_project/Index/checkEnv | INFO: Tag[ route_check ] --END-- [ RunTime:0.001731s ]
[ 2012-12-28T20:32:51+08:00 ] /Thinkphp_project/Index/checkEnv | INFO: Tag[ app_begin ] --START--
[ 2012-12-28T20:32:51+08:00 ] /Thinkphp_project/Index/checkEnv | INFO: Run ReadHtmlCache Behavior [ RunTime:0.001186s ]
[ 2012-12-28T20:32:51+08:00 ] /Thinkphp_project/Index/checkEnv | INFO: Tag[ app_begin ] --END-- [ RunTime:0.001313s ]
[ 2012-12-28T20:32:51+08:00 ] /Thinkphp_project/Index/checkEnv | INFO: Tag[ view_template ] --START--
[ 2012-12-28T20:32:51+08:00 ] /Thinkphp_project/Index/checkEnv | INFO: Run LocationTemplate Behavior [ RunTime:0.001222s ]
[ 2012-12-28T20:32:51+08:00 ] /Thinkphp_project/Index/checkEnv | INFO: Tag[ view_template ] --END-- [ RunTime:0.001327s ]
[ 2012-12-28T20:32:51+08:00 ] /Thinkphp_project/Index/checkEnv | INFO: Tag[ view_parse ] --START--
[ 2012-12-28T20:32:51+08:00 ] /Thinkphp_project/Index/checkEnv | INFO: Run ParseTemplate Behavior [ RunTime:0.022375s ]
[ 2012-12-28T20:32:51+08:00 ] /Thinkphp_project/Index/checkEnv | INFO: Tag[ view_parse ] --END-- [ RunTime:0.022475s ]
[ 2012-12-28T20:32:51+08:00 ] /Thinkphp_project/Index/checkEnv | INFO: Tag[ view_filter ] --START--
[ 2012-12-28T20:32:51+08:00 ] /Thinkphp_project/Index/checkEnv | INFO: Run ContentReplace Behavior [ RunTime:0.000602s ]
[ 2012-12-28T20:32:51+08:00 ] /Thinkphp_project/Index/checkEnv | INFO: Run TokenBuild Behavior [ RunTime:0.000615s ]
[ 2012-12-28T20:32:51+08:00 ] /Thinkphp_project/Index/checkEnv | INFO: Run WriteHtmlCache Behavior [ RunTime:0.000445s ]
[ 2012-12-28T20:32:51+08:00 ] /Thinkphp_project/Index/checkEnv | INFO: Run ShowRuntime Behavior [ RunTime:0.000679s ]
[ 2012-12-28T20:32:51+08:00 ] /Thinkphp_project/Index/checkEnv | INFO: Tag[ view_filter ] --END-- [ RunTime:0.002542s ]
[ 2012-12-28T20:32:51+08:00 ] /Thinkphp_project/Index/checkEnv | INFO: Tag[ view_end ] --START--
[ 2012-12-28T20:32:51+08:00 ] /Thinkphp_project/Index/checkEnv | INFO: Run ShowPageTrace Behavior [ RunTime:0.000712s ]
[ 2012-12-28T20:32:51+08:00 ] /Thinkphp_project/Index/checkEnv | INFO: Tag[ view_end ] --END-- [ RunTime:0.000787s ]
[ 2012-12-28T20:50:26+08:00 ] /Thinkphp_project/ | INFO: Tag[ app_begin ] --START--
[ 2012-12-28T20:50:26+08:00 ] /Thinkphp_project/ | INFO: Run ReadHtmlCache Behavior [ RunTime:0.001318s ]
[ 2012-12-28T20:50:26+08:00 ] /Thinkphp_project/ | INFO: Tag[ app_begin ] --END-- [ RunTime:0.001475s ]
[ 2012-12-28T20:50:26+08:00 ] /Thinkphp_project/ | INFO: Tag[ view_template ] --START--
[ 2012-12-28T20:50:26+08:00 ] /Thinkphp_project/ | INFO: Run LocationTemplate Behavior [ RunTime:0.001323s ]
[ 2012-12-28T20:50:26+08:00 ] /Thinkphp_project/ | INFO: Tag[ view_template ] --END-- [ RunTime:0.001422s ]
[ 2012-12-28T20:50:26+08:00 ] /Thinkphp_project/ | INFO: Tag[ view_parse ] --START--
[ 2012-12-28T20:50:26+08:00 ] /Thinkphp_project/ | INFO: Run ParseTemplate Behavior [ RunTime:0.006806s ]
[ 2012-12-28T20:50:26+08:00 ] /Thinkphp_project/ | INFO: Tag[ view_parse ] --END-- [ RunTime:0.006887s ]
[ 2012-12-28T20:50:26+08:00 ] /Thinkphp_project/ | INFO: Tag[ view_filter ] --START--
[ 2012-12-28T20:50:26+08:00 ] /Thinkphp_project/ | INFO: Run ContentReplace Behavior [ RunTime:0.000663s ]
[ 2012-12-28T20:50:26+08:00 ] /Thinkphp_project/ | INFO: Run TokenBuild Behavior [ RunTime:0.000612s ]
[ 2012-12-28T20:50:26+08:00 ] /Thinkphp_project/ | INFO: Run WriteHtmlCache Behavior [ RunTime:0.000440s ]
[ 2012-12-28T20:50:26+08:00 ] /Thinkphp_project/ | INFO: Run ShowRuntime Behavior [ RunTime:0.000820s ]
[ 2012-12-28T20:50:26+08:00 ] /Thinkphp_project/ | INFO: Tag[ view_filter ] --END-- [ RunTime:0.002748s ]
[ 2012-12-28T20:50:26+08:00 ] /Thinkphp_project/ | INFO: Tag[ view_end ] --START--
[ 2012-12-28T20:50:26+08:00 ] /Thinkphp_project/ | INFO: Run ShowPageTrace Behavior [ RunTime:0.000666s ]
[ 2012-12-28T20:50:26+08:00 ] /Thinkphp_project/ | INFO: Tag[ view_end ] --END-- [ RunTime:0.000734s ]
[ 2012-12-28T20:50:26+08:00 ] /Thinkphp_project/ | INFO: Tag[ view_template ] --START--
[ 2012-12-28T20:50:26+08:00 ] /Thinkphp_project/ | INFO: Run LocationTemplate Behavior [ RunTime:0.000271s ]
[ 2012-12-28T20:50:26+08:00 ] /Thinkphp_project/ | INFO: Tag[ view_template ] --END-- [ RunTime:-0.010978s ]
[ 2012-12-28T20:50:26+08:00 ] /Thinkphp_project/ | INFO: Tag[ view_parse ] --START--
[ 2012-12-28T20:50:26+08:00 ] /Thinkphp_project/ | INFO: Run ParseTemplate Behavior [ RunTime:0.003501s ]
[ 2012-12-28T20:50:26+08:00 ] /Thinkphp_project/ | INFO: Tag[ view_parse ] --END-- [ RunTime:-0.004444s ]
[ 2012-12-28T20:50:26+08:00 ] /Thinkphp_project/ | INFO: Tag[ view_filter ] --START--
[ 2012-12-28T20:50:26+08:00 ] /Thinkphp_project/ | INFO: Run ContentReplace Behavior [ RunTime:0.000084s ]
[ 2012-12-28T20:50:26+08:00 ] /Thinkphp_project/ | INFO: Run TokenBuild Behavior [ RunTime:0.000095s ]
[ 2012-12-28T20:50:26+08:00 ] /Thinkphp_project/ | INFO: Run WriteHtmlCache Behavior [ RunTime:0.000021s ]
[ 2012-12-28T20:50:26+08:00 ] /Thinkphp_project/ | INFO: Run ShowRuntime Behavior [ RunTime:0.000136s ]
[ 2012-12-28T20:50:26+08:00 ] /Thinkphp_project/ | INFO: Tag[ view_filter ] --END-- [ RunTime:-0.005108s ]
[ 2012-12-28T20:50:26+08:00 ] /Thinkphp_project/ | INFO: Tag[ view_end ] --START--
[ 2012-12-28T20:50:26+08:00 ] /Thinkphp_project/ | INFO: Run ShowPageTrace Behavior [ RunTime:0.000040s ]
[ 2012-12-28T20:50:26+08:00 ] /Thinkphp_project/ | INFO: Tag[ view_end ] --END-- [ RunTime:-0.004889s ]
[ 2012-12-28T20:50:43+08:00 ] /Thinkphp_project/ | INFO: Tag[ app_begin ] --START--
[ 2012-12-28T20:50:43+08:00 ] /Thinkphp_project/ | INFO: Run ReadHtmlCache Behavior [ RunTime:0.001233s ]
[ 2012-12-28T20:50:43+08:00 ] /Thinkphp_project/ | INFO: Tag[ app_begin ] --END-- [ RunTime:0.001383s ]
[ 2012-12-28T20:50:43+08:00 ] /Thinkphp_project/ | INFO: Tag[ view_template ] --START--
[ 2012-12-28T20:50:43+08:00 ] /Thinkphp_project/ | INFO: Run LocationTemplate Behavior [ RunTime:0.001482s ]
[ 2012-12-28T20:50:43+08:00 ] /Thinkphp_project/ | INFO: Tag[ view_template ] --END-- [ RunTime:0.001611s ]
[ 2012-12-28T20:50:43+08:00 ] /Thinkphp_project/ | INFO: Tag[ view_parse ] --START--
[ 2012-12-28T20:50:43+08:00 ] /Thinkphp_project/ | INFO: Run ParseTemplate Behavior [ RunTime:0.012047s ]
[ 2012-12-28T20:50:43+08:00 ] /Thinkphp_project/ | INFO: Tag[ view_parse ] --END-- [ RunTime:0.012183s ]
[ 2012-12-28T20:50:43+08:00 ] /Thinkphp_project/ | INFO: Tag[ view_filter ] --START--
[ 2012-12-28T20:50:43+08:00 ] /Thinkphp_project/ | INFO: Run ContentReplace Behavior [ RunTime:0.000930s ]
[ 2012-12-28T20:50:43+08:00 ] /Thinkphp_project/ | INFO: Run TokenBuild Behavior [ RunTime:0.000984s ]
[ 2012-12-28T20:50:43+08:00 ] /Thinkphp_project/ | INFO: Run WriteHtmlCache Behavior [ RunTime:0.000743s ]
[ 2012-12-28T20:50:43+08:00 ] /Thinkphp_project/ | INFO: Run ShowRuntime Behavior [ RunTime:0.001126s ]
[ 2012-12-28T20:50:43+08:00 ] /Thinkphp_project/ | INFO: Tag[ view_filter ] --END-- [ RunTime:0.004113s ]
[ 2012-12-28T20:50:43+08:00 ] /Thinkphp_project/ | INFO: Tag[ view_end ] --START--
[ 2012-12-28T20:50:43+08:00 ] /Thinkphp_project/ | INFO: Run ShowPageTrace Behavior [ RunTime:0.001011s ]
[ 2012-12-28T20:50:43+08:00 ] /Thinkphp_project/ | INFO: Tag[ view_end ] --END-- [ RunTime:0.001127s ]
[ 2012-12-28T20:50:43+08:00 ] /Thinkphp_project/ | INFO: Tag[ view_template ] --START--
[ 2012-12-28T20:50:43+08:00 ] /Thinkphp_project/ | INFO: Run LocationTemplate Behavior [ RunTime:0.000396s ]
[ 2012-12-28T20:50:43+08:00 ] /Thinkphp_project/ | INFO: Tag[ view_template ] --END-- [ RunTime:-0.018176s ]
[ 2012-12-28T20:50:43+08:00 ] /Thinkphp_project/ | INFO: Tag[ view_parse ] --START--
[ 2012-12-28T20:50:43+08:00 ] /Thinkphp_project/ | INFO: Run ParseTemplate Behavior [ RunTime:0.004616s ]
[ 2012-12-28T20:50:43+08:00 ] /Thinkphp_project/ | INFO: Tag[ view_parse ] --END-- [ RunTime:-0.006523s ]
[ 2012-12-28T20:50:43+08:00 ] /Thinkphp_project/ | INFO: Tag[ view_filter ] --START--
[ 2012-12-28T20:50:43+08:00 ] /Thinkphp_project/ | INFO: Run ContentReplace Behavior [ RunTime:0.000093s ]
[ 2012-12-28T20:50:43+08:00 ] /Thinkphp_project/ | INFO: Run TokenBuild Behavior [ RunTime:0.000101s ]
[ 2012-12-28T20:50:43+08:00 ] /Thinkphp_project/ | INFO: Run WriteHtmlCache Behavior [ RunTime:0.000022s ]
[ 2012-12-28T20:50:43+08:00 ] /Thinkphp_project/ | INFO: Run ShowRuntime Behavior [ RunTime:0.000179s ]
[ 2012-12-28T20:50:43+08:00 ] /Thinkphp_project/ | INFO: Tag[ view_filter ] --END-- [ RunTime:-0.007107s ]
[ 2012-12-28T20:50:43+08:00 ] /Thinkphp_project/ | INFO: Tag[ view_end ] --START--
[ 2012-12-28T20:50:43+08:00 ] /Thinkphp_project/ | INFO: Run ShowPageTrace Behavior [ RunTime:0.000044s ]
[ 2012-12-28T20:50:43+08:00 ] /Thinkphp_project/ | INFO: Tag[ view_end ] --END-- [ RunTime:-0.006516s ]
[ 2012-12-28T20:51:03+08:00 ] /Thinkphp_project/ | INFO: Tag[ app_begin ] --START--
[ 2012-12-28T20:51:03+08:00 ] /Thinkphp_project/ | INFO: Run ReadHtmlCache Behavior [ RunTime:0.000775s ]
[ 2012-12-28T20:51:03+08:00 ] /Thinkphp_project/ | INFO: Tag[ app_begin ] --END-- [ RunTime:0.000870s ]
[ 2012-12-28T20:51:03+08:00 ] /Thinkphp_project/ | INFO: Tag[ view_template ] --START--
[ 2012-12-28T20:51:03+08:00 ] /Thinkphp_project/ | INFO: Run LocationTemplate Behavior [ RunTime:0.000892s ]
[ 2012-12-28T20:51:03+08:00 ] /Thinkphp_project/ | INFO: Tag[ view_template ] --END-- [ RunTime:0.000968s ]
[ 2012-12-28T20:51:03+08:00 ] /Thinkphp_project/ | INFO: Tag[ view_parse ] --START--
[ 2012-12-28T20:51:03+08:00 ] /Thinkphp_project/ | INFO: Run ParseTemplate Behavior [ RunTime:0.006973s ]
[ 2012-12-28T20:51:03+08:00 ] /Thinkphp_project/ | INFO: Tag[ view_parse ] --END-- [ RunTime:0.007062s ]
[ 2012-12-28T20:51:03+08:00 ] /Thinkphp_project/ | INFO: Tag[ view_filter ] --START--
[ 2012-12-28T20:51:03+08:00 ] /Thinkphp_project/ | INFO: Run ContentReplace Behavior [ RunTime:0.000595s ]
[ 2012-12-28T20:51:03+08:00 ] /Thinkphp_project/ | INFO: Run TokenBuild Behavior [ RunTime:0.000614s ]
[ 2012-12-28T20:51:03+08:00 ] /Thinkphp_project/ | INFO: Run WriteHtmlCache Behavior [ RunTime:0.000440s ]
[ 2012-12-28T20:51:03+08:00 ] /Thinkphp_project/ | INFO: Run ShowRuntime Behavior [ RunTime:0.000689s ]
[ 2012-12-28T20:51:03+08:00 ] /Thinkphp_project/ | INFO: Tag[ view_filter ] --END-- [ RunTime:0.002538s ]
[ 2012-12-28T20:51:03+08:00 ] /Thinkphp_project/ | INFO: Tag[ view_end ] --START--
[ 2012-12-28T20:51:03+08:00 ] /Thinkphp_project/ | INFO: Run ShowPageTrace Behavior [ RunTime:0.000616s ]
[ 2012-12-28T20:51:03+08:00 ] /Thinkphp_project/ | INFO: Tag[ view_end ] --END-- [ RunTime:0.000684s ]
[ 2012-12-28T20:51:03+08:00 ] /Thinkphp_project/ | INFO: Tag[ view_template ] --START--
[ 2012-12-28T20:51:03+08:00 ] /Thinkphp_project/ | INFO: Run LocationTemplate Behavior [ RunTime:0.000261s ]
[ 2012-12-28T20:51:03+08:00 ] /Thinkphp_project/ | INFO: Tag[ view_template ] --END-- [ RunTime:-0.010704s ]
[ 2012-12-28T20:51:03+08:00 ] /Thinkphp_project/ | INFO: Tag[ view_parse ] --START--
[ 2012-12-28T20:51:03+08:00 ] /Thinkphp_project/ | INFO: Run ParseTemplate Behavior [ RunTime:0.003478s ]
[ 2012-12-28T20:51:03+08:00 ] /Thinkphp_project/ | INFO: Tag[ view_parse ] --END-- [ RunTime:-0.003978s ]
[ 2012-12-28T20:51:03+08:00 ] /Thinkphp_project/ | INFO: Tag[ view_filter ] --START--
[ 2012-12-28T20:51:03+08:00 ] /Thinkphp_project/ | INFO: Run ContentReplace Behavior [ RunTime:0.000090s ]
[ 2012-12-28T20:51:03+08:00 ] /Thinkphp_project/ | INFO: Run TokenBuild Behavior [ RunTime:0.000099s ]
[ 2012-12-28T20:51:03+08:00 ] /Thinkphp_project/ | INFO: Run WriteHtmlCache Behavior [ RunTime:0.000020s ]
[ 2012-12-28T20:51:03+08:00 ] /Thinkphp_project/ | INFO: Run ShowRuntime Behavior [ RunTime:0.000138s ]
[ 2012-12-28T20:51:03+08:00 ] /Thinkphp_project/ | INFO: Tag[ view_filter ] --END-- [ RunTime:-0.004997s ]
[ 2012-12-28T20:51:03+08:00 ] /Thinkphp_project/ | INFO: Tag[ view_end ] --START--
[ 2012-12-28T20:51:03+08:00 ] /Thinkphp_project/ | INFO: Run ShowPageTrace Behavior [ RunTime:0.000040s ]
[ 2012-12-28T20:51:03+08:00 ] /Thinkphp_project/ | INFO: Tag[ view_end ] --END-- [ RunTime:-0.004845s ]
[ 2012-12-28T20:51:12+08:00 ] /Thinkphp_project/ | INFO: Tag[ app_begin ] --START--
[ 2012-12-28T20:51:12+08:00 ] /Thinkphp_project/ | INFO: Run ReadHtmlCache Behavior [ RunTime:0.001207s ]
[ 2012-12-28T20:51:12+08:00 ] /Thinkphp_project/ | INFO: Tag[ app_begin ] --END-- [ RunTime:0.001362s ]
[ 2012-12-28T20:51:12+08:00 ] /Thinkphp_project/ | INFO: Tag[ view_template ] --START--
[ 2012-12-28T20:51:12+08:00 ] /Thinkphp_project/ | INFO: Run LocationTemplate Behavior [ RunTime:0.001602s ]
[ 2012-12-28T20:51:12+08:00 ] /Thinkphp_project/ | INFO: Tag[ view_template ] --END-- [ RunTime:0.001727s ]
[ 2012-12-28T20:51:12+08:00 ] /Thinkphp_project/ | INFO: Tag[ view_parse ] --START--
[ 2012-12-28T20:51:12+08:00 ] /Thinkphp_project/ | INFO: Run ParseTemplate Behavior [ RunTime:0.007699s ]
[ 2012-12-28T20:51:12+08:00 ] /Thinkphp_project/ | INFO: Tag[ view_parse ] --END-- [ RunTime:0.007804s ]
[ 2012-12-28T20:51:12+08:00 ] /Thinkphp_project/ | INFO: Tag[ view_filter ] --START--
[ 2012-12-28T20:51:12+08:00 ] /Thinkphp_project/ | INFO: Run ContentReplace Behavior [ RunTime:0.000605s ]
[ 2012-12-28T20:51:12+08:00 ] /Thinkphp_project/ | INFO: Run TokenBuild Behavior [ RunTime:0.000583s ]
[ 2012-12-28T20:51:12+08:00 ] /Thinkphp_project/ | INFO: Run WriteHtmlCache Behavior [ RunTime:0.000446s ]
[ 2012-12-28T20:51:12+08:00 ] /Thinkphp_project/ | INFO: Run ShowRuntime Behavior [ RunTime:0.000690s ]
[ 2012-12-28T20:51:12+08:00 ] /Thinkphp_project/ | INFO: Tag[ view_filter ] --END-- [ RunTime:0.002517s ]
[ 2012-12-28T20:51:12+08:00 ] /Thinkphp_project/ | INFO: Tag[ view_end ] --START--
[ 2012-12-28T20:51:12+08:00 ] /Thinkphp_project/ | INFO: Run ShowPageTrace Behavior [ RunTime:0.000597s ]
[ 2012-12-28T20:51:12+08:00 ] /Thinkphp_project/ | INFO: Tag[ view_end ] --END-- [ RunTime:0.000664s ]
[ 2012-12-28T20:51:12+08:00 ] /Thinkphp_project/ | INFO: Tag[ view_template ] --START--
[ 2012-12-28T20:51:12+08:00 ] /Thinkphp_project/ | INFO: Run LocationTemplate Behavior [ RunTime:0.000230s ]
[ 2012-12-28T20:51:12+08:00 ] /Thinkphp_project/ | INFO: Tag[ view_template ] --END-- [ RunTime:-0.011473s ]
[ 2012-12-28T20:51:12+08:00 ] /Thinkphp_project/ | INFO: Tag[ view_parse ] --START--
[ 2012-12-28T20:51:12+08:00 ] /Thinkphp_project/ | INFO: Run ParseTemplate Behavior [ RunTime:0.003527s ]
[ 2012-12-28T20:51:12+08:00 ] /Thinkphp_project/ | INFO: Tag[ view_parse ] --END-- [ RunTime:-0.003921s ]
[ 2012-12-28T20:51:12+08:00 ] /Thinkphp_project/ | INFO: Tag[ view_filter ] --START--
[ 2012-12-28T20:51:12+08:00 ] /Thinkphp_project/ | INFO: Run ContentReplace Behavior [ RunTime:0.000088s ]
[ 2012-12-28T20:51:12+08:00 ] /Thinkphp_project/ | INFO: Run TokenBuild Behavior [ RunTime:0.000094s ]
[ 2012-12-28T20:51:12+08:00 ] /Thinkphp_project/ | INFO: Run WriteHtmlCache Behavior [ RunTime:0.000020s ]
[ 2012-12-28T20:51:12+08:00 ] /Thinkphp_project/ | INFO: Run ShowRuntime Behavior [ RunTime:0.000136s ]
[ 2012-12-28T20:51:12+08:00 ] /Thinkphp_project/ | INFO: Tag[ view_filter ] --END-- [ RunTime:-0.005011s ]
[ 2012-12-28T20:51:12+08:00 ] /Thinkphp_project/ | INFO: Tag[ view_end ] --START--
[ 2012-12-28T20:51:12+08:00 ] /Thinkphp_project/ | INFO: Run ShowPageTrace Behavior [ RunTime:0.000040s ]
[ 2012-12-28T20:51:12+08:00 ] /Thinkphp_project/ | INFO: Tag[ view_end ] --END-- [ RunTime:-0.004870s ]
[ 2012-12-28T20:52:14+08:00 ] /Thinkphp_project/ | INFO: Tag[ app_begin ] --START--
[ 2012-12-28T20:52:14+08:00 ] /Thinkphp_project/ | INFO: Run ReadHtmlCache Behavior [ RunTime:0.001219s ]
[ 2012-12-28T20:52:14+08:00 ] /Thinkphp_project/ | INFO: Tag[ app_begin ] --END-- [ RunTime:0.001379s ]
[ 2012-12-28T20:52:14+08:00 ] /Thinkphp_project/ | INFO: Tag[ view_template ] --START--
[ 2012-12-28T20:52:14+08:00 ] /Thinkphp_project/ | INFO: Run LocationTemplate Behavior [ RunTime:0.001220s ]
[ 2012-12-28T20:52:14+08:00 ] /Thinkphp_project/ | INFO: Tag[ view_template ] --END-- [ RunTime:0.001329s ]
[ 2012-12-28T20:52:14+08:00 ] /Thinkphp_project/ | INFO: Tag[ view_parse ] --START--
[ 2012-12-28T20:52:14+08:00 ] /Thinkphp_project/ | INFO: Run ParseTemplate Behavior [ RunTime:0.007136s ]
[ 2012-12-28T20:52:14+08:00 ] /Thinkphp_project/ | INFO: Tag[ view_parse ] --END-- [ RunTime:0.007225s ]
[ 2012-12-28T20:52:14+08:00 ] /Thinkphp_project/ | INFO: Tag[ view_filter ] --START--
[ 2012-12-28T20:52:14+08:00 ] /Thinkphp_project/ | INFO: Run ContentReplace Behavior [ RunTime:0.000632s ]
[ 2012-12-28T20:52:14+08:00 ] /Thinkphp_project/ | INFO: Run TokenBuild Behavior [ RunTime:0.000668s ]
[ 2012-12-28T20:52:14+08:00 ] /Thinkphp_project/ | INFO: Run WriteHtmlCache Behavior [ RunTime:0.000474s ]
[ 2012-12-28T20:52:14+08:00 ] /Thinkphp_project/ | INFO: Run ShowRuntime Behavior [ RunTime:0.000749s ]
[ 2012-12-28T20:52:14+08:00 ] /Thinkphp_project/ | INFO: Tag[ view_filter ] --END-- [ RunTime:0.002739s ]
[ 2012-12-28T20:52:14+08:00 ] /Thinkphp_project/ | INFO: Tag[ view_end ] --START--
[ 2012-12-28T20:52:14+08:00 ] /Thinkphp_project/ | INFO: Run ShowPageTrace Behavior [ RunTime:0.000670s ]
[ 2012-12-28T20:52:14+08:00 ] /Thinkphp_project/ | INFO: Tag[ view_end ] --END-- [ RunTime:0.000744s ]
[ 2012-12-28T20:52:14+08:00 ] /Thinkphp_project/ | INFO: Tag[ view_template ] --START--
[ 2012-12-28T20:52:14+08:00 ] /Thinkphp_project/ | INFO: Run LocationTemplate Behavior [ RunTime:0.000266s ]
[ 2012-12-28T20:52:14+08:00 ] /Thinkphp_project/ | INFO: Tag[ view_template ] --END-- [ RunTime:-0.011178s ]
[ 2012-12-28T20:52:14+08:00 ] /Thinkphp_project/ | INFO: Tag[ view_parse ] --START--
[ 2012-12-28T20:52:14+08:00 ] /Thinkphp_project/ | INFO: Run ParseTemplate Behavior [ RunTime:0.003840s ]
[ 2012-12-28T20:52:14+08:00 ] /Thinkphp_project/ | INFO: Tag[ view_parse ] --END-- [ RunTime:-0.004307s ]
[ 2012-12-28T20:52:14+08:00 ] /Thinkphp_project/ | INFO: Tag[ view_filter ] --START--
[ 2012-12-28T20:52:14+08:00 ] /Thinkphp_project/ | INFO: Run ContentReplace Behavior [ RunTime:0.000092s ]
[ 2012-12-28T20:52:14+08:00 ] /Thinkphp_project/ | INFO: Run TokenBuild Behavior [ RunTime:0.000104s ]
[ 2012-12-28T20:52:14+08:00 ] /Thinkphp_project/ | INFO: Run WriteHtmlCache Behavior [ RunTime:0.000023s ]
[ 2012-12-28T20:52:14+08:00 ] /Thinkphp_project/ | INFO: Run ShowRuntime Behavior [ RunTime:0.000147s ]
[ 2012-12-28T20:52:14+08:00 ] /Thinkphp_project/ | INFO: Tag[ view_filter ] --END-- [ RunTime:-0.005502s ]
[ 2012-12-28T20:52:14+08:00 ] /Thinkphp_project/ | INFO: Tag[ view_end ] --START--
[ 2012-12-28T20:52:14+08:00 ] /Thinkphp_project/ | INFO: Run ShowPageTrace Behavior [ RunTime:0.000059s ]
[ 2012-12-28T20:52:14+08:00 ] /Thinkphp_project/ | INFO: Tag[ view_end ] --END-- [ RunTime:-0.005321s ]
[ 2012-12-28T20:52:15+08:00 ] /Thinkphp_project/Index/checkEnv | INFO: Tag[ route_check ] --START--
[ 2012-12-28T20:52:15+08:00 ] /Thinkphp_project/Index/checkEnv | INFO: Run CheckRoute Behavior [ RunTime:0.000909s ]
[ 2012-12-28T20:52:15+08:00 ] /Thinkphp_project/Index/checkEnv | INFO: Tag[ route_check ] --END-- [ RunTime:0.001000s ]
[ 2012-12-28T20:52:15+08:00 ] /Thinkphp_project/Index/checkEnv | INFO: Tag[ app_begin ] --START--
[ 2012-12-28T20:52:15+08:00 ] /Thinkphp_project/Index/checkEnv | INFO: Run ReadHtmlCache Behavior [ RunTime:0.000711s ]
[ 2012-12-28T20:52:15+08:00 ] /Thinkphp_project/Index/checkEnv | INFO: Tag[ app_begin ] --END-- [ RunTime:0.000784s ]
[ 2012-12-28T20:52:15+08:00 ] /Thinkphp_project/Index/checkEnv | INFO: Tag[ view_template ] --START--
[ 2012-12-28T20:52:15+08:00 ] /Thinkphp_project/Index/checkEnv | INFO: Run LocationTemplate Behavior [ RunTime:0.000815s ]
[ 2012-12-28T20:52:15+08:00 ] /Thinkphp_project/Index/checkEnv | INFO: Tag[ view_template ] --END-- [ RunTime:0.000891s ]
[ 2012-12-28T20:52:15+08:00 ] /Thinkphp_project/Index/checkEnv | INFO: Tag[ view_parse ] --START--
[ 2012-12-28T20:52:15+08:00 ] /Thinkphp_project/Index/checkEnv | INFO: Run ParseTemplate Behavior [ RunTime:0.006943s ]
[ 2012-12-28T20:52:15+08:00 ] /Thinkphp_project/Index/checkEnv | INFO: Tag[ view_parse ] --END-- [ RunTime:0.007029s ]
[ 2012-12-28T20:52:15+08:00 ] /Thinkphp_project/Index/checkEnv | INFO: Tag[ view_filter ] --START--
[ 2012-12-28T20:52:15+08:00 ] /Thinkphp_project/Index/checkEnv | INFO: Run ContentReplace Behavior [ RunTime:0.000581s ]
[ 2012-12-28T20:52:15+08:00 ] /Thinkphp_project/Index/checkEnv | INFO: Run TokenBuild Behavior [ RunTime:0.000574s ]
[ 2012-12-28T20:52:15+08:00 ] /Thinkphp_project/Index/checkEnv | INFO: Run WriteHtmlCache Behavior [ RunTime:0.000436s ]
[ 2012-12-28T20:52:15+08:00 ] /Thinkphp_project/Index/checkEnv | INFO: Run ShowRuntime Behavior [ RunTime:0.000665s ]
[ 2012-12-28T20:52:15+08:00 ] /Thinkphp_project/Index/checkEnv | INFO: Tag[ view_filter ] --END-- [ RunTime:0.002456s ]
[ 2012-12-28T20:52:15+08:00 ] /Thinkphp_project/Index/checkEnv | INFO: Tag[ view_end ] --START--
[ 2012-12-28T20:52:15+08:00 ] /Thinkphp_project/Index/checkEnv | INFO: Run ShowPageTrace Behavior [ RunTime:0.000695s ]
[ 2012-12-28T20:52:15+08:00 ] /Thinkphp_project/Index/checkEnv | INFO: Tag[ view_end ] --END-- [ RunTime:0.000771s ]
