[ 2013-04-07T13:58:20+08:00 ] /Thinkphp_project/ | INFO: Tag[ app_begin ] --START--
[ 2013-04-07T13:58:20+08:00 ] /Thinkphp_project/ | INFO: Run ReadHtmlCache Behavior [ RunTime:0.012465s ]
[ 2013-04-07T13:58:20+08:00 ] /Thinkphp_project/ | INFO: Tag[ app_begin ] --END-- [ RunTime:0.012584s ]
[ 2013-04-07T13:58:20+08:00 ] /Thinkphp_project/ | INFO: Tag[ view_template ] --START--
[ 2013-04-07T13:58:20+08:00 ] /Thinkphp_project/ | INFO: Run LocationTemplate Behavior [ RunTime:0.001831s ]
[ 2013-04-07T13:58:20+08:00 ] /Thinkphp_project/ | INFO: Tag[ view_template ] --END-- [ RunTime:0.001930s ]
[ 2013-04-07T13:58:20+08:00 ] /Thinkphp_project/ | INFO: Tag[ view_parse ] --START--
[ 2013-04-07T13:58:20+08:00 ] /Thinkphp_project/ | INFO: Run ParseTemplate Behavior [ RunTime:0.048944s ]
[ 2013-04-07T13:58:20+08:00 ] /Thinkphp_project/ | INFO: Tag[ view_parse ] --END-- [ RunTime:0.049060s ]
[ 2013-04-07T13:58:20+08:00 ] /Thinkphp_project/ | INFO: Tag[ view_filter ] --START--
[ 2013-04-07T13:58:20+08:00 ] /Thinkphp_project/ | INFO: Run ContentReplace Behavior [ RunTime:0.001119s ]
[ 2013-04-07T13:58:20+08:00 ] /Thinkphp_project/ | INFO: Run TokenBuild Behavior [ RunTime:0.000916s ]
[ 2013-04-07T13:58:20+08:00 ] /Thinkphp_project/ | INFO: Run WriteHtmlCache Behavior [ RunTime:0.000802s ]
[ 2013-04-07T13:58:20+08:00 ] /Thinkphp_project/ | INFO: Run ShowRuntime Behavior [ RunTime:0.002192s ]
[ 2013-04-07T13:58:20+08:00 ] /Thinkphp_project/ | INFO: Tag[ view_filter ] --END-- [ RunTime:0.005254s ]
[ 2013-04-07T13:58:20+08:00 ] /Thinkphp_project/ | INFO: Tag[ view_end ] --START--
[ 2013-04-07T13:58:20+08:00 ] /Thinkphp_project/ | INFO: Run ShowPageTrace Behavior [ RunTime:0.002442s ]
[ 2013-04-07T13:58:20+08:00 ] /Thinkphp_project/ | INFO: Tag[ view_end ] --END-- [ RunTime:0.002525s ]
[ 2013-04-07T13:58:20+08:00 ] /Thinkphp_project/ | INFO: Tag[ view_template ] --START--
[ 2013-04-07T13:58:20+08:00 ] /Thinkphp_project/ | INFO: Run LocationTemplate Behavior [ RunTime:0.000885s ]
[ 2013-04-07T13:58:20+08:00 ] /Thinkphp_project/ | INFO: Tag[ view_template ] --END-- [ RunTime:-0.057327s ]
[ 2013-04-07T13:58:20+08:00 ] /Thinkphp_project/ | INFO: Tag[ view_parse ] --START--
[ 2013-04-07T13:58:20+08:00 ] /Thinkphp_project/ | INFO: Run ParseTemplate Behavior [ RunTime:0.026534s ]
[ 2013-04-07T13:58:20+08:00 ] /Thinkphp_project/ | INFO: Tag[ view_parse ] --END-- [ RunTime:-0.009238s ]
[ 2013-04-07T13:58:20+08:00 ] /Thinkphp_project/ | INFO: Tag[ view_filter ] --START--
[ 2013-04-07T13:58:20+08:00 ] /Thinkphp_project/ | INFO: Run ContentReplace Behavior [ RunTime:0.000084s ]
[ 2013-04-07T13:58:20+08:00 ] /Thinkphp_project/ | INFO: Run TokenBuild Behavior [ RunTime:0.000093s ]
[ 2013-04-07T13:58:20+08:00 ] /Thinkphp_project/ | INFO: Run WriteHtmlCache Behavior [ RunTime:0.000019s ]
[ 2013-04-07T13:58:20+08:00 ] /Thinkphp_project/ | INFO: Run ShowRuntime Behavior [ RunTime:0.000131s ]
[ 2013-04-07T13:58:20+08:00 ] /Thinkphp_project/ | INFO: Tag[ view_filter ] --END-- [ RunTime:-0.030615s ]
[ 2013-04-07T13:58:20+08:00 ] /Thinkphp_project/ | INFO: Tag[ view_end ] --START--
[ 2013-04-07T13:58:20+08:00 ] /Thinkphp_project/ | INFO: Run ShowPageTrace Behavior [ RunTime:0.000037s ]
[ 2013-04-07T13:58:20+08:00 ] /Thinkphp_project/ | INFO: Tag[ view_end ] --END-- [ RunTime:-0.028567s ]
[ 2013-04-07T13:58:20+08:00 ] /Thinkphp_project/Index/checkEnv | INFO: Tag[ route_check ] --START--
[ 2013-04-07T13:58:20+08:00 ] /Thinkphp_project/Index/checkEnv | INFO: Run CheckRoute Behavior [ RunTime:0.001693s ]
[ 2013-04-07T13:58:20+08:00 ] /Thinkphp_project/Index/checkEnv | INFO: Tag[ route_check ] --END-- [ RunTime:0.001810s ]
[ 2013-04-07T13:58:20+08:00 ] /Thinkphp_project/Index/checkEnv | INFO: Tag[ app_begin ] --START--
[ 2013-04-07T13:58:20+08:00 ] /Thinkphp_project/Index/checkEnv | INFO: Run ReadHtmlCache Behavior [ RunTime:0.000843s ]
[ 2013-04-07T13:58:20+08:00 ] /Thinkphp_project/Index/checkEnv | INFO: Tag[ app_begin ] --END-- [ RunTime:0.000919s ]
[ 2013-04-07T13:58:20+08:00 ] /Thinkphp_project/Index/checkEnv | INFO: Tag[ view_template ] --START--
[ 2013-04-07T13:58:20+08:00 ] /Thinkphp_project/Index/checkEnv | INFO: Run LocationTemplate Behavior [ RunTime:0.001000s ]
[ 2013-04-07T13:58:20+08:00 ] /Thinkphp_project/Index/checkEnv | INFO: Tag[ view_template ] --END-- [ RunTime:0.001090s ]
[ 2013-04-07T13:58:20+08:00 ] /Thinkphp_project/Index/checkEnv | INFO: Tag[ view_parse ] --START--
[ 2013-04-07T13:58:20+08:00 ] /Thinkphp_project/Index/checkEnv | INFO: Run ParseTemplate Behavior [ RunTime:0.007443s ]
[ 2013-04-07T13:58:20+08:00 ] /Thinkphp_project/Index/checkEnv | INFO: Tag[ view_parse ] --END-- [ RunTime:0.007541s ]
[ 2013-04-07T13:58:20+08:00 ] /Thinkphp_project/Index/checkEnv | INFO: Tag[ view_filter ] --START--
[ 2013-04-07T13:58:20+08:00 ] /Thinkphp_project/Index/checkEnv | INFO: Run ContentReplace Behavior [ RunTime:0.000597s ]
[ 2013-04-07T13:58:20+08:00 ] /Thinkphp_project/Index/checkEnv | INFO: Run TokenBuild Behavior [ RunTime:0.000590s ]
[ 2013-04-07T13:58:20+08:00 ] /Thinkphp_project/Index/checkEnv | INFO: Run WriteHtmlCache Behavior [ RunTime:0.000460s ]
[ 2013-04-07T13:58:20+08:00 ] /Thinkphp_project/Index/checkEnv | INFO: Run ShowRuntime Behavior [ RunTime:0.000662s ]
[ 2013-04-07T13:58:20+08:00 ] /Thinkphp_project/Index/checkEnv | INFO: Tag[ view_filter ] --END-- [ RunTime:0.002529s ]
[ 2013-04-07T13:58:20+08:00 ] /Thinkphp_project/Index/checkEnv | INFO: Tag[ view_end ] --START--
[ 2013-04-07T13:58:20+08:00 ] /Thinkphp_project/Index/checkEnv | INFO: Run ShowPageTrace Behavior [ RunTime:0.001118s ]
[ 2013-04-07T13:58:20+08:00 ] /Thinkphp_project/Index/checkEnv | INFO: Tag[ view_end ] --END-- [ RunTime:0.001212s ]
